STARDATE 2025-12-23.1859 - Home-Manager Rebuild Success: Merlin
HOST: merlin
OPERATION: Home-Manager Configuration Update
GENERATION: 89 → 90
BUILD DURATION: 9 seconds
STATUS: ✅ SUCCESSFUL

=== CONFIGURATION CHANGES ===
Modified Files:
- home/gig/common/core/opencode.nix

=== TECHNICAL DETAILS ===
Change Summary: Enabled unstable OpenCode package
- Uncommented: package = pkgs.unstable.opencode;
- This activates the bleeding-edge OpenCode version from the unstable channel
- No other configuration modifications detected

=== ENGINEERING ASSESSMENT ===
Build Performance: Excellent (9 seconds - well within acceptable parameters)
System Impact: Minimal (single package activation)
Risk Assessment: Low (standard package version upgrade)
Operational Status: Merlin system fully operational with enhanced OpenCode capabilities

=== TECHNICAL METADATA ===
Flake Target: merlin
Generation Increment: +1 (89→90)
Configuration Scope: OpenCode package enablement
Build Time Category: Rapid rebuild (< 10 seconds)

Chief Engineer's Notes: Clean, straightforward configuration activation. The Merlin system is now running the latest OpenCode features from the unstable channel. No complications detected during rebuild process.

--- 
Montgomery Scott, Chief Engineer
Stardate 2025-12-23.1859
Fleet Engineering Command

================================================================================

STARDATE 2025-12-23.2130 - Home-Manager Rebuild Success: Merlin (Subsequent)
HOST: merlin
OPERATION: Home-Manager Configuration Rebuild
GENERATION: 93 → 94
BUILD DURATION: 11 seconds
STATUS: ✅ SUCCESSFUL

=== CONFIGURATION ANALYSIS ===
Modified Files: No configuration files changed
System Changes: No configuration changes detected
Rebuild Trigger: Routine maintenance or generation verification

=== TECHNICAL DETAILS ===
Change Summary: Clean rebuild with no configuration drift
- All configuration files unchanged since last rebuild
- System state maintained perfectly
- Generation increment suggests routine maintenance cycle

=== ENGINEERING ASSESSMENT ===
Build Performance: Excellent (11 seconds - nominal for maintenance rebuild)
System Stability: Outstanding (no configuration drift detected)
Operational Impact: None (maintenance-only operation)
Fleet Status: Merlin remains fully operational and stable

=== TECHNICAL METADATA ===
Flake Target: merlin
Generation Increment: +4 since previous logged rebuild (90→94)
Configuration Scope: No changes (maintenance rebuild)
Build Time Category: Rapid maintenance (11 seconds)

Chief Engineer's Notes: Excellent system stability demonstrated. The merlin host shows no configuration drift between generations 93 and 94, indicating proper system state management. This type of clean rebuild is exactly what we want to see in a well-maintained system.

--- 
Montgomery Scott, Chief Engineer
Stardate 2025-12-23.2130
Fleet Engineering Command
