================================================================================
ENGINEERING LOG - MERLIN HOME-MANAGER REBUILD SUCCESS
Chief Engineer Montgomery Scott - Stardate 2025-12-08
================================================================================

HOST SYSTEM: merlin
BUILD TYPE: home-manager rebuild
GENERATION TRANSITION: 63 → 64
BUILD DURATION: 11 seconds (excellent performance!)
STATUS: ✅ SUCCESSFUL DEPLOYMENT

================================================================================
CONFIGURATION CHANGES ANALYSIS
================================================================================

### Primary Modifications:
1. **BSPWM Display Configuration Enhancement**
   - File: `home/gig/common/resources/bspwm/merlin.conf`
   - Enhancement: Added explicit primary display designation for laptop mode
   - Technical Change: `xrandr --output eDP-1 --primary`
   - Impact: Improved portable workflow consistency

2. **Tailscale Service State Change**
   - File: `hosts/merlin/default.nix`  
   - Change: `tailscale.enable = true` → `tailscale.enable = false`
   - Impact: Disabled VPN mesh networking service

================================================================================
TECHNICAL IMPLEMENTATION DETAILS
================================================================================

### BSPWM Portable Configuration Enhancement:
```bash
# Set laptop as primary for main workflow
xrandr --output eDP-1 --primary
```

**Engineering Rationale:**
- Ensures consistent window manager behavior in portable mode
- Establishes laptop screen as primary workspace anchor
- Prevents potential workspace confusion when external monitors disconnected

### Tailscale Service Deactivation:
```nix
tailscale.enable = false;
```

**Engineering Impact:**
- Disables Tailscale mesh VPN daemon on Merlin workstation
- Reduces background service overhead
- May affect connectivity to other fleet systems

================================================================================
BUILD PERFORMANCE METRICS
================================================================================

- **Generation Increment**: Single generation advance (healthy)
- **Build Time**: 11 seconds (within normal parameters)
- **Configuration Scope**: Display management + networking service
- **System Impact**: Minimal - user-space only

================================================================================
OPERATIONAL STATUS
================================================================================

✅ **Rebuild Success**: Clean deployment without errors
✅ **Performance**: Excellent build time for scope of changes  
✅ **Generation Management**: Proper increment tracking
⚠️  **Network Consideration**: Tailscale disabled - verify connectivity requirements

================================================================================
CHIEF ENGINEER ASSESSMENT
================================================================================

A clean and efficient rebuild, Captain! The display configuration enhancement
shows good engineering foresight for portable operations. The Tailscale
deactivation may be intentional for security or performance reasons, but
verify if mesh connectivity is still required for fleet operations.

Both changes are properly isolated and shouldn't interfere with other system
components. The 11-second build time demonstrates our build cache optimization
is working beautifully.

**Recommendation**: Monitor first few portable sessions to confirm the eDP-1 
primary designation improves workflow consistency as intended.

================================================================================
Montgomery Scott, Chief Engineer
Stardate: 2025-12-08
Engineering Status: All systems operational ⚙️
================================================================================
