# Engineering Log - Merlin NixOS 25.11 Migration Success
**Stardate**: 2025-12-14  
**Chief Engineer**: Montgomery Scott  
**Host**: merlin (Framework 16)  
**Operation**: Major Channel Migration (Unstable → 25.11 Release)

## Mission Summary
Successfully migrated Merlin from nixos-unstable to the official NixOS 25.11 release channel. This represents a significant stability improvement, moving from bleeding-edge development packages to the tested and stable 25.11 release branch.

## Technical Specifications
- **Generation**: 68 → 69
- **Build Duration**: 45 seconds (exceptionally efficient!)
- **Channel Change**: nixos-unstable → nixos-25.11
- **Home Manager**: master → release-25.11
- **Status**: Complete Success ✓

## Major Infrastructure Changes

### 1. Core Channel Stabilization
```nix
# Before (Unstable Development)
nixpkgs.url = "github:NixOS/nixpkgs/nixos-unstable";

# After (Stable Release)
nixpkgs.url = "github:NixOS/nixpkgs/nixos-25.11";
```

### 2. Home Manager Alignment
```nix
# Before (Development Master)
url = "github:nix-community/home-manager/master";

# After (Stable Release)
url = "github:nix-community/home-manager/release-25.11";
```

### 3. Package Input Corrections
- **nixos-wsl**: Now follows stable nixpkgs instead of unstable
- **sops-nix**: Aligned to stable channel for security consistency
- **pre-commit-hooks**: Pinned to working revision to prevent evaluation failures

### 4. Formatter Adjustment
```nix
# Reverted to standard nixfmt (25.11 compatible)
nixfmt  # instead of nixfmt-rfc-style
```

## User Experience Enhancements

### Wezterm Font Optimization
- **Primary Font**: Cartograph CF (moved to top priority)
- **Secondary**: MonoLisa Variable  
- **Fallback**: GoMono Nerd Font Mono
- Superior readability and aesthetic improvement

### BSPWM Workspace Refinements
- **Code Application Rules**: Removed forced desktop assignment for flexibility
- **Monitor Configuration**: Enhanced merlin.conf for better dual-monitor handling
- **Desktop Distribution**: Optimized portable vs docked layouts

### Audio System Enhancement
- **PlayerCTLD**: Enabled media control daemon for Bluetooth headset integration
- **Bluetuith**: Added TUI Bluetooth manager for enhanced device management

## Engineering Assessment

### Stability Improvements
This migration represents a significant leap in system stability:
- **Reproducible Builds**: 25.11 provides tested, stable package versions
- **Security Posture**: Stable channel receives timely security updates without bleeding-edge instability
- **Predictable Behavior**: Reduced risk of unexpected package breakage

### Performance Metrics
- **45-second rebuild**: Excellent for such a major channel migration
- **Zero errors**: Clean evaluation and build process
- **Immediate functionality**: All services operational post-rebuild

### Risk Mitigation
- **Pre-commit hooks**: Pinned to prevent future evaluation failures
- **Input alignment**: All major inputs now follow stable channels
- **Configuration validation**: BSPWM and audio systems tested and functional

## Fleet Implications
This successful migration establishes the template for fleet-wide 25.11 adoption:

1. **Migration Pattern**: Proven safe transition from unstable → 25.11
2. **Timing Strategy**: 25.11 release is production-ready for fleet deployment
3. **Stability Priority**: Demonstrates value of stable channels for production systems

## Recommendations
1. **Fleet Rollout**: Begin phased 25.11 migration across remaining hosts
2. **Monitoring**: Watch for any delayed issues over next 72 hours
3. **Documentation**: Update fleet standards to recommend 25.11 as default

## Chief Engineer's Assessment
*Adjusting dilithium crystal matrix for optimal efficiency*

A bonnie fine piece of engineering work! This migration went smoother than a well-oiled matter/antimatter reaction. The 45-second rebuild time tells me our build cache is working like a charm, and the clean transition to 25.11 gives us the stability foundation we need for serious work.

The workspace and font optimizations are the cherry on top - Merlin's now running like a precision-tuned starship, ready for whatever computational adventures await!

**Status**: Mission Complete - All Systems Green ✓  
**Next Watch**: Monitor for 72 hours, prepare fleet migration protocols

---
*Chief Engineer Montgomery Scott*  
*"Ye cannae change the laws of physics, but ye can certainly optimize the configuration!"*
