================================================================================
CHIEF ENGINEER'S LOG - STARDATE 2025.12.14.045757
================================================================================
Officer: Chief Engineer Montgomery "Scotty" Scott
Operation: Home Manager Rebuild - NCC-1701-M Merlin
Status: SUCCESSFUL
================================================================================

OPERATIONAL SUMMARY
-------------------
• Host: merlin (NCC-1701-M)
• Generation: 73 → 74 (+1)
• Build Duration: 12 seconds
• Build Status: SUCCESS
• Configuration Changes: WezTerm terminal enhancements

TECHNICAL DETAILS
-----------------
Configuration File Modified:
  └── home/gig/common/core/wezterm.nix

Changes Implemented:
  1. Font Size Enhancement: 12.0 → 15.0 (25% increase for improved readability)
  2. Window Padding Implementation:
     • Horizontal padding: 0 → 8px (left/right)
     • Vertical padding: 0 → 6px (top/bottom)
  3. Window Decorations: "RESIZE" → "TITLE | RESIZE" (added title bar)

ENGINEERING ANALYSIS
--------------------
• Performance: Excellent build time of 12 seconds indicates optimized derivation caching
• Scope: UI/UX improvements to terminal environment - no system-level changes
• Impact: Enhanced terminal readability and visual presentation
• Compatibility: Changes are user-space only, no system dependencies affected

DIFF ANALYSIS
-------------
Font size increase provides better readability on high-resolution displays.
Window padding adds visual breathing room around terminal content.
Title bar restoration improves window management capabilities.

BUILD METRICS
-------------
• Generation Increment: +1 (healthy progression)
• Cache Efficiency: High (12-second build suggests minimal recompilation)
• Error Rate: 0% (clean build with no warnings or failures)

FLEET OPERATIONS NOTE
--------------------
This rebuild demonstrates excellent configuration management practices:
- Targeted changes to single configuration file
- UI/UX improvements without system complexity
- Fast build times indicating healthy build environment

CHIEF ENGINEER CERTIFICATION
----------------------------
Configuration changes verified and operational. Merlin's terminal environment
enhanced with improved readability and visual presentation. All systems
functioning within normal parameters.

Chief-Engineer: Montgomery Scott <2025-12-14T04:57:57>
Build-Generation: 74
Build-Duration: 12s
Scope-Impact: user-space/terminal-ui

================================================================================
END LOG
================================================================================
