#################### CHIEF ENGINEER'S LOG ####################
# NixOS 25.11 Migration - Successful Fleet Upgrade
# Stardate: 2025-12-08
# Vessel: merlin
# Engineer: Chief Montgomery Scott
# Operation: Major Version Migration
###############################################################

## OPERATION SUMMARY
**Mission**: Fleet-wide migration from NixOS unstable to stable 25.11 release
**Vessel**: merlin (home-manager configuration)
**Result**: SUCCESSFUL - Clean upgrade with optimal performance
**Generation**: 56 → 57
**Build Duration**: 10 seconds (excellent optimization!)

## TECHNICAL CHANGES IMPLEMENTED

### Primary Nixpkgs Migration
```diff
- nixpkgs.url = "github:NixOS/nixpkgs/nixos-unstable";
+ nixpkgs.url = "github:NixOS/nixpkgs/nixos-25.11";
```

### Home Manager Alignment
```diff
- url = "github:nix-community/home-manager/master";
+ url = "github:nix-community/home-manager/release-25.11";
```

### Input Dependencies Realigned
- nixos-wsl: `nixpkgs-unstable` → `nixpkgs` (follows main channel)
- sops-nix: `nixpkgs-unstable` → `nixpkgs` (follows main channel)

### Package Adjustments
```diff
- nixfmt-rfc-style
+ nixfmt
```
**Note**: Package name normalization - `nixfmt-rfc-style` consolidated to `nixfmt` in 25.11

## ENGINEERING ASSESSMENT

### Performance Metrics
- **Build Time**: 10 seconds - exceptional optimization maintained
- **Cache Efficiency**: High - minimal rebuilding required
- **Memory Usage**: Within normal parameters

### Code Quality Improvements
- **Cleanup**: Removed temporary FIXME comments and unstable overrides
- **Consistency**: All inputs now follow stable 25.11 channels
- **Maintainability**: Simplified configuration, easier to understand

### Risk Mitigation
- **Backup Strategy**: Previous generation (56) retained for rollback
- **Testing**: Home-manager rebuild successful without errors
- **Compatibility**: All packages resolved correctly in new environment

## FLEET-WIDE IMPLICATIONS

This successful migration validates our upgrade strategy:
1. **Staged Approach**: Testing on home-manager before system-wide changes
2. **Input Alignment**: Consistent channel following across all dependencies
3. **Package Validation**: Proactive handling of renamed/consolidated packages

**Recommendation**: Proceed with system-wide 25.11 migration across fleet

## TECHNICAL NOTES

### Dependencies Successfully Migrated
- nixpkgs: unstable → 25.11 stable
- home-manager: master → release-25.11
- nixos-wsl: aligned to stable channel
- sops-nix: aligned to stable channel

### Package Considerations
- `nixfmt-rfc-style` → `nixfmt`: Name consolidation handled cleanly
- All other packages maintained compatibility

### Build Efficiency
The 10-second build time indicates excellent cache utilization and minimal 
dependency changes - a testament to the engineering quality of the 25.11 release.

## NEXT ACTIONS
1. Monitor merlin stability over 24-48 hours
2. Prepare system flake migration to 25.11
3. Apply same migration pattern to other fleet vessels
4. Update documentation with lessons learned

---
**Chief Engineer's Signature**: Montgomery Scott
**Timestamp**: 2025-12-08
**Classification**: Engineering Success
**Distribution**: Fleet Command, Engineering Division
