=====================================
NIXOS REBUILD OPERATIONS LOG
=====================================

Stardate: 2025-12-08
Host: merlin
Operation: nixos-rebuild switch
Engineer: Chief Engineer Montgomery Scott

=====================================
OPERATION SUMMARY
=====================================

**Generation Transition**: 61 → 62
**Build Duration**: 15 seconds
**Status**: SUCCESS ✓
**Configuration Status**: No configuration files changed
**Files Changed**: No configuration changes detected

=====================================
TECHNICAL DETAILS
=====================================

**Build Performance**:
- Exceptionally fast 15-second rebuild time
- No configuration delta to process
- Clean generation transition

**System State Analysis**:
- Previous generation: 61
- New generation: 62  
- No configuration files modified since last rebuild
- No package changes detected
- System state verification: NOMINAL

**Engineering Assessment**:
This rebuild represents a routine system update with no functional changes. 
The 15-second duration indicates optimal Nix store performance and minimal
evaluation overhead. This type of "null rebuild" typically occurs when:
1. Flake inputs have been updated but don't affect this host's closure
2. System rollback/rollforward operations 
3. Manual rebuild verification after system changes

=====================================
FLEET OPERATIONS IMPACT
=====================================

**Merlin Station Status**: OPERATIONAL
**Build System Health**: EXCELLENT
- Fast evaluation times
- Clean generation tracking
- No configuration drift detected

**Recommended Actions**: 
- Continue monitoring for configuration changes
- Maintain current rebuild frequency
- No immediate maintenance required

=====================================
ENGINEERING SIGNATURE
=====================================

Chief Engineer: Montgomery Scott
Timestamp: 2025-12-08
Operation Type: Routine System Maintenance
Validation Status: Complete

Engineering Notes: 
"Aye, a bonnie smooth rebuild on the Merlin station! No configuration 
changes detected, but the system's running like a well-tuned warp core. 
15 seconds from start to finish - that's how we like to see our NixOS 
rebuilds perform when there's nothing to change. Generation 62 is locked 
and loaded, Captain!"

END LOG
=====================================
