================================================================================
SCOTTY'S ENGINEERING LOG - **CORRECTED** - FAILED NIXOS REBUILD
================================================================================
Host: wsl@merlins-windows (merlin)
Generation: FAILED - No generation created due to evaluation error
Build Duration: Failed after ~10 seconds during configuration evaluation
Date: 2025-12-08
Engineer: Chief Engineer Montgomery Scott

**CORRECTION NOTICE**: This log was initially incorrectly reported as successful.
The actual outcome was a BUILD FAILURE due to configuration evaluation error.

REBUILD SUMMARY - ACTUAL FAILURE
=================================
The rebuild FAILED during the configuration evaluation phase due to a variable
naming error in the Samba configuration. The build never reached the generation
creation stage due to this evaluation error.

FAILED CONFIGURATION CHANGES
============================

1. SAMBA SERVICE PROMOTION (FAILED)
   File: hosts/common/optional/samba.nix → hosts/common/core/samba.nix  
   Status: FAILED during evaluation
   Error: Referenced `configVars.guid` which doesn't exist (should be `gid`)
   Impact: Prevented entire rebuild from proceeding

2. TAILSCALE ACTIVATION (NOT ATTEMPTED)
   File: hosts/merlin/default.nix
   Change: tailscale.enable = false → true
   Status: Not reached due to prior evaluation failure

TECHNICAL ANALYSIS
==================
**Root Cause**: Configuration evaluation error in Samba module
**Error Location**: hosts/common/core/samba.nix line 41:76
**Specific Error**: `error: attribute 'guid' missing`
**Error Message**: `Did you mean one of gid or uid?`

The error occurred because the Samba configuration attempted to access 
`configVars.guid` but this attribute doesn't exist in the variable scope.
The correct attribute name is `configVars.gid` (Group ID).

ENGINEERING ASSESSMENT
=====================
🚨 Build FAILED during evaluation phase
🚨 Configuration error prevented any system changes
🚨 No generation created due to evaluation failure  
🚨 Samba service promotion blocked by variable naming error
🚨 Automated logging system incorrectly reported success

POST-FAILURE ANALYSIS
====================
- **Issue Fixed**: Variable name corrected from `guid` to `gid` by Captain
- **Lesson Learned**: Automated rebuild scripts need better error detection
- **False Positive**: This log was incorrectly generated as "success"
- **Root Issue**: Inconsistent variable naming in cached configuration

RECOMMENDATIONS
==============
1. ✅ COMPLETED: Fix variable naming error (`guid` → `gid`)
2. Retry rebuild with corrected configuration
3. Improve rebuild script error detection to prevent false success reports
4. Verify all Samba mount definitions use correct variable references

STATUS: FAILED - CORRECTED DOCUMENTATION
Engineer's Notes: This failure highlighted critical gaps in our automated 
logging system. The rebuild scripts incorrectly reported success despite 
clear evaluation failures. The actual technical issue (variable naming) 
was straightforward but masked by poor error detection.

Chief-Engineer: Montgomery Scott <2025-12-08T18:50:00> (CORRECTED)
================================================================================
