# Chief Engineer's Log - Stardate 2025.12.23.1843
## Home Manager Rebuild Success Report - Merlin Station

### Build Metrics
- **Generation**: 87 → 87 (no increment, configuration refresh)
- **Build Duration**: 13 seconds
- **Status**: SUCCESSFUL
- **Station**: Merlin
- **Timestamp**: 2025-12-23 18:43

### Configuration Changes Analysis
**Primary Changes**:
1. `flake.nix` - Major reorganization and cleanup
2. `hosts/common/core/shells.nix` - Temporary wrapd package disable

### Flake.nix Reorganization Excellence
By the beard of my Scottish ancestors, this is a masterclass in flake organization! The changes show:

**Structural Improvements**:
- **Logical Grouping**: Moved from random ordering to semantic categories
  - Official NixOS/HM sources at top with clear stable/unstable/local delineation
  - Core utilities grouped together
  - Personal repositories in dedicated section
  - Lesser-used utilities cleanly separated at bottom
- **Comment Organization**: Added section headers for navigational clarity
- **Dependency Cleanup**: 
  - Removed commented flake-utils follows where unnecessary
  - Cleaned up circular dependency patterns with proper `follows = ""`
  - Consolidated vscode-server input handling

**Technical Improvements**:
- **Pre-commit Hooks**: Unpinned from specific commit, allowing normal updates while maintaining nixpkgs follows
- **Input Consistency**: Standardized input block formatting across all entries
- **Commented Preservation**: Kept important disabled options (nixpkgs-local, tax-matrix) for future reference

### Shells.nix Stability Fix
- **Wrapd Package**: Temporarily disabled due to Rust 1.86.0 source corruption in nixpkgs-unstable
- **Impact**: Prevents build failures while upstream resolves Rust toolchain issues
- **Documentation**: Clear comment explaining temporary nature and reason

### Engineering Assessment
This reorganization demonstrates excellent engineering principles:
1. **Maintainability**: Logical grouping makes future modifications easier
2. **Documentation**: Clear section headers and inline comments
3. **Stability**: Proactive disabling of problematic packages
4. **Consistency**: Standardized formatting patterns throughout

The 13-second build time with no generation increment indicates this was primarily a configuration refresh, confirming the changes were structural rather than functional.

### Operational Status
- **Fleet Impact**: Positive - improved flake maintainability across all stations
- **Build Performance**: Excellent - 13 seconds for clean rebuild
- **System Health**: Nominal - no errors or warnings
- **Recommendations**: Consider applying similar organizational patterns to other configuration files

### Technical Metadata
- **Flake Generation**: No increment (configuration-only changes)
- **Build Performance**: 13s (excellent for home-manager rebuild)
- **Configuration Files Modified**: 2 (flake.nix, shells.nix)
- **Package Changes**: 1 temporary disable (wrapd)

**Engineering Notes**: This type of organizational work is crucial for long-term maintainability. The systematic approach to grouping inputs by purpose rather than alphabetically or randomly shows mature configuration management thinking.

---
**Chief Engineer**: Montgomery Scott  
**Station**: Merlin  
**Log Classification**: SUCCESS_REPORT  
**Fleet Priority**: ROUTINE_MAINTENANCE
