STARDATE 2025-12-08 - HOME-MANAGER REBUILD SUCCESS - MERLIN SYSTEM
========================================================================

CHIEF ENGINEER'S LOG - Montgomery Scott reporting

OPERATIONAL SUMMARY:
Host: Merlin
Operation: Home-Manager Configuration Rebuild
Generation Progression: 54 → 55
Build Duration: 10 seconds
Status: SUCCESSFUL - Clean operation, no issues detected

TECHNICAL DETAILS:
- Configuration State: STABLE - No configuration files modified since last rebuild
- File Changes: NONE - No configuration changes detected in diff analysis
- Build Performance: EXCELLENT - 10-second completion time indicates optimal system state
- Generation Management: NORMAL - Standard increment from 54 to 55

ENGINEERING ANALYSIS:
This rebuild represents a routine maintenance operation with no actual configuration changes.
The generation increment from 54 to 55 suggests either:
1. Flake lock file updates from upstream dependencies
2. Routine system maintenance rebuild
3. Verification rebuild to ensure system state consistency

The 10-second build duration is exceptional performance, indicating:
- Effective Nix store caching
- No complex derivation rebuilds required
- System operating within optimal parameters

SYSTEM HEALTH INDICATORS:
✓ Build completed without errors or warnings
✓ Generation increment proceeding normally
✓ No configuration drift detected
✓ Optimal build performance maintained

RECOMMENDATIONS:
- No immediate action required
- Merlin system operating within normal parameters
- Continue regular maintenance schedule
- Monitor for any configuration changes in subsequent rebuilds

STATUS: All systems nominal. Merlin home-manager environment stable and performing optimally.

Chief-Engineer: Montgomery Scott <2025-12-08>
Build-Duration: 10 seconds
Generation-Progression: 54→55
Host-System: merlin
Operation-Type: home-manager-rebuild
