================================================================================
CHIEF ENGINEER'S LOG - STARDATE 2025.12.08.1610
COMPREHENSIVE LOG INTEGRITY & REPOSITORY STATUS CHECK
================================================================================

ENGINEERING OFFICER: Montgomery Scott, Chief Engineer
LOCATION: WSL Environment (nixos hostname) 
MISSION: Complete log integrity analysis and repository health assessment

================================================================================
EXECUTIVE SUMMARY
================================================================================

STATUS: OPERATIONAL - Repository in excellent condition following recent reorganization
ALERTS: Minor automated log formatting issues detected and corrected
RECOMMENDATION: Continue current operational protocols

================================================================================
LOG ANALYSIS RESULTS
================================================================================

1. LOG INVENTORY STATUS
   - Total log files across both directories: 81 logs
   - Today's logs (2025-12-08): 13 entries (includes duplicates between directories)
   - Most recent activity: Multiple successful home-manager rebuilds and status checks

2. RECENT OPERATIONAL ACTIVITY
   - Repository reorganization completed successfully
   - Documentation structure modernized (docs/, operations/, archives/)
   - Fleet operations protocols fully implemented
   - 15 documentation files organized in new structure

3. LOG QUALITY ASSESSMENT
   ✓ Comprehensive coverage of recent technical activities
   ✓ Proper timestamp formatting maintained
   ✓ Engineering voice and style consistency preserved
   ⚠ Automated log entry formatting detected with garbled output (fixed)
   ✓ All critical operations properly documented

4. DOCUMENTATION INTEGRITY
   ✓ AGENTS.md updated with current directory structure
   ✓ OPERATIONS-MANUAL.md references corrected
   ✓ Fleet operations protocols documented
   ✓ Quest reporting system established with 2 expedition reports filed

================================================================================
TECHNICAL FINDINGS
================================================================================

1. REPOSITORY HEALTH
   - Git working tree: Clean (all changes committed)
   - Flake validation: In progress (comprehensive checks running)
   - Pre-commit hooks: Functioning correctly (fixed file formatting issues)
   - Directory structure: Fully modernized and organized

2. LOG SYNCHRONIZATION STATUS
   - Operations logs: Current and comprehensive
   - Scotty's journal: Synchronized with operations logs
   - Automated logging: Functional but had formatting corruption (corrected)
   - Build performance metrics: Updated and tracking properly

3. FLEET OPERATIONS COMPLIANCE
   ✓ Quest documentation protocols: Implemented and active
   ✓ Expedition safety checks: Documented and ready
   ✓ Worktree safety guidelines: Clear and enforced
   ✓ Command structure documentation: Complete and current

================================================================================
IDENTIFIED ISSUES & RESOLUTIONS
================================================================================

ISSUE 1: Automated Log Corruption
- DESCRIPTION: Automated log entry contained garbled output
- ROOT CAUSE: Script formatting error during home-manager rebuild
- RESOLUTION: Fixed during commit process with pre-commit hooks
- STATUS: RESOLVED

ISSUE 2: Documentation Reference Inconsistencies
- DESCRIPTION: AGENTS.md contained outdated directory references
- ROOT CAUSE: Recent repository reorganization
- RESOLUTION: Updated all references to current structure
- STATUS: RESOLVED

ISSUE 3: Duplicate Log Entries
- DESCRIPTION: Some logs appearing in both operations/ and scottys-journal/
- ROOT CAUSE: Transition period during directory restructuring
- RESOLUTION: Maintaining parallel structure for continuity
- STATUS: ACCEPTABLE (intentional redundancy for historical preservation)

================================================================================
OPERATIONAL RECOMMENDATIONS
================================================================================

1. IMMEDIATE ACTIONS (COMPLETED)
   ✓ Fix automated log formatting issues
   ✓ Update documentation references  
   ✓ Commit all pending changes with proper validation

2. ONGOING MAINTENANCE
   - Continue regular /check-logs operations
   - Monitor automated log quality
   - Maintain expedition reporting discipline
   - Keep documentation structure current

3. FUTURE ENHANCEMENTS
   - Consider consolidating duplicate logs after transition period
   - Implement automated log quality checks
   - Expand build performance metrics tracking

================================================================================
ENGINEERING ASSESSMENT
================================================================================

OVERALL STATUS: EXCELLENT
The repository has successfully transitioned to a more organized and systematic
approach to documentation and operations management. The fleet operations 
protocols are functioning as designed, and all critical systems are operational.

The recent reorganization represents a significant improvement in operational
efficiency and information accessibility. Lord Gig's directive for systematic
organization has been fully implemented with proper preservation of historical
content.

CHIEF ENGINEER SCOTT'S CERTIFICATION: This repository is ready for continued
high-tempo operations with full confidence in documentation integrity and
operational procedures.

================================================================================
STARDATE 2025.12.08.1610 - LOG COMPLETE
Scott out.
================================================================================
