**Engineering Log - WSL@Merlin Rebuild Success**  
Stardate: 2025-12-08  
Vessel: Merlin (Windows WSL)  
Operation: NixOS Configuration Rebuild  

**TECHNICAL STATUS**
- Generation: 41 → 41 (same generation, configuration refresh)
- Build Duration: 17 seconds (excellent performance)
- Status: SUCCESS ✅

**CONFIGURATION CHANGES**
1. **flake.nix**: Updated fancy-fonts repository URL
   - Changed: `git+ssh://git@github.com/gignsky/personal-fonts-nix`
   - To: `git+ssh://git@github.com/gignsky/fancy-fonts`
   - Impact: Repository URL correction for font dependency

2. **home/gig/home.nix**: Added libqalculate package
   - Package: libqalculate (scientific calculator with qalc CLI)
   - Purpose: Windows Calculator replacement
   - Location: Added to testing packages section

**ENGINEERING ASSESSMENT**
- Repository URL fix ensures proper font dependency resolution
- Calculator addition enhances WSL mathematical capabilities  
- Fast build time indicates no dependency conflicts
- Same generation number suggests configuration refresh rather than system change

**OPERATIONAL NOTES**
- WSL environment performing optimally on Merlin vessel
- No errors detected in build process
- Configuration changes minimal but functionally significant

Chief Engineer: Montgomery Scott  
2025-12-08 17:35:14
