================================================================================
MERLIN HOST PREPARATION ANALYSIS - STARDATE 2025-12-03
================================================================================

CAPTAIN'S REQUESTED ANALYSIS: Prepare develop branch for merlin host transition

LAST MERLIN ACTIVITY ANALYSIS:
• Last merlin nixos rebuild: 2025-11-24 23:35 (commit 1853641)
• Last merlin home-manager: 2025-11-24 23:35 (generation 47)
• Time delta: 9 days, 267 commits since last rebuild
• Current branch: develop (ready for merlin deployment)

CRITICAL CHANGES SINCE LAST MERLIN REBUILD:

1. **OpenCode Configuration Evolution** (HIGH IMPACT):
   - Major refactoring of slash command configuration
   - Command format changed from attribute sets to simple strings
   - Fleet Operations commands fully implemented
   - RISK: Potential evaluation errors on first rebuild

2. **Git LFS History Rewrite** (MODERATE IMPACT):
   - Repository history rewritten (2,308 commits)
   - LFS tracking removed for logs/csvs
   - RISK: Git fetch may require additional flags

3. **Home Manager Configuration Updates** (MODERATE IMPACT):
   - New shell aliases and personality configurations
   - Enhanced opencode and wezterm configurations
   - RISK: Minor compatibility issues possible

4. **Fleet Documentation System** (LOW IMPACT):
   - Extensive logging and documentation framework
   - New realm/fleet/ directory structure
   - RISK: Minimal - mostly documentation

5. **Script and Package Updates** (LOW IMPACT):
   - Enhanced rebuild scripts with logging
   - New nushell scripts for automation
   - RISK: Minimal - backward compatible

ANTICIPATED ISSUES FOR MERLIN REBUILD:

CRITICAL CONCERNS:
• Git fetch may complain about rewritten history
• First home-manager rebuild may take longer due to opencode changes
• Potential evaluation errors from new command configuration format

MITIGATION STRATEGIES:
• Consider `git fetch --force` if standard fetch fails
• Monitor first rebuild for opencode configuration errors
• Have fallback plan ready if evaluation fails

MERLIN-SPECIFIC CONSIDERATIONS:
• merlin configuration appears stable since November
• No merlin-specific files modified in recent commits
• Hardware configuration should remain compatible

PREPARATION RECOMMENDATIONS:
1. Ensure clean working tree before switching hosts
2. Monitor first rebuild carefully for configuration errors  
3. Test opencode functionality after home-manager rebuild
4. Validate git operations work correctly after history rewrite

CONFIDENCE ASSESSMENT: MODERATE to HIGH
The changes are primarily additive. The main risk is the opencode 
configuration change, but we have recent successful rebuilds on 
spacedock that validate the new format.

                                     Montgomery Scott, Chief Engineer
================================================================================
