STARDATE 2025-12-03.10:44:20 - SPACEDOCK HOME MANAGER REBUILD FAILURE ANALYSIS
CHIEF ENGINEER MONTGOMERY SCOTT - ENGINEERING LOG

=== INCIDENT SUMMARY ===
HOST: Spacedock
OPERATION: Home Manager rebuild 
CONFIGURATION TARGET: home/gig/common/core/opencode.nix
BUILD DURATION: 8 seconds (unusually fast - indicates early evaluation failure)
PREVIOUS GENERATION: 45
CURRENT GENERATION: Failed to create (remained at 45)
GIT COMMIT: aa4b656fa818ec470e2f49f3c4eeea05c8c2546f
STATUS: FAILED

=== ROOT CAUSE ANALYSIS ===
ERROR TYPE: Home Manager evaluation error
SPECIFIC ISSUE: OpenCode command configuration type mismatch

The error message reveals the core problem:
```
error: A definition for option `programs.opencode.commands.beam-out' is not of type `strings concatenated with "\n" or absolute path'.
```

The `beam-out` command configuration contains complex attribute set with `aliases` field:
```nix
beam-out = {
  aliases = [ "mission-complete" ];
  description = "Compile final away mission report and clean up archives";
  action = "MISSION COMPLETION PROTOCOL: ...";
};
```

But the home-manager OpenCode module expects commands to be either:
1. Simple strings (containing action only)
2. Absolute paths (to command files)

The module doesn't support attribute sets with `aliases`, `description`, and `action` fields.

=== TECHNICAL ANALYSIS ===

**Configuration Change Context:**
- Commit aa4b656 attempted to add enhanced Fleet Operations commands
- Added `beam-out` command with aliases functionality
- Home Manager's OpenCode module lacks support for command aliases

**Error Pattern:**
- Early evaluation failure (8 seconds vs normal 25-29 seconds)
- Type mismatch in Nix evaluation phase
- No actual build or switch attempted due to evaluation failure

**System State:**
- Git working tree dirty (scottys-journal/metrics/build-performance.csv modified)
- Previous generation 45 remains active
- No system impact due to early failure

=== IMMEDIATE CORRECTIVE ACTION REQUIRED ===

1. **Fix Command Configuration Format:**
   - Remove `aliases` field from all commands
   - Use simple string format: `command = "action description";`
   - Or implement alias support through separate mechanism

2. **Validate Against Module Schema:**
   - Check home-manager OpenCode module source
   - Ensure all command configurations match expected types
   - Test with simpler command structure

=== RECOMMENDED FIXES ===

**Option A: Simplified Commands (Immediate)**
```nix
commands = {
  beam-out = "MISSION COMPLETION PROTOCOL: Review all mission notes...";
  # Remove aliases field entirely
};
```

**Option B: Alias Support via Description**
```nix
commands = {
  beam-out = "Compile final away mission report and clean up archives (aliases: mission-complete). MISSION COMPLETION PROTOCOL: Review all mission notes...";
};
```

**Option C: Custom Module Extension**
- Extend home-manager OpenCode module to support aliases
- Requires module override or upstream contribution

=== PREVENTION MEASURES ===

1. **Pre-commit Validation:**
   - Add `nix flake check` to pre-commit hooks for opencode.nix changes
   - Test command configurations in isolation

2. **Command Testing Protocol:**
   - Test new command formats on development host first
   - Use `nix eval` to validate command attribute types

3. **Documentation Standards:**
   - Document supported command configuration formats
   - Create examples for complex command requirements

=== SYSTEM IMPACT ASSESSMENT ===

**Immediate Impact:** MINIMAL
- Spacedock remains on stable generation 45
- No services disrupted
- Configuration change contained

**Operational Impact:** LOW  
- OpenCode functionality remains on previous working configuration
- Fleet operations not affected
- Documentation systems functional

**Recovery Priority:** STANDARD
- Fix can be implemented during normal maintenance window
- No emergency rollback required

=== NEXT ACTIONS ===

1. Implement simplified command format (Option A)
2. Test rebuild on spacedock 
3. Validate all enhanced commands work as expected
4. Update Fleet Operations documentation with working examples
5. Consider implementing proper alias support in future enhancement

=== ENGINEERING NOTES ===

This failure demonstrates the importance of:
- Understanding home-manager module constraints
- Testing complex configuration changes in isolation
- Having robust pre-commit validation for critical components

The OpenCode command system is a critical component for Fleet Operations efficiency. 
While this failure was contained, it highlights the need for better validation of
configuration changes that affect agent functionality.

CHIEF ENGINEER MONTGOMERY SCOTT
ENGINEERING DEPARTMENT
STARDATE 2025-12-03.10:44:20

---
