================================================================================
ENGINEERING LOG - NIXOS 25.11 STABLE MIGRATION SUCCESS
================================================================================
Chief Engineer: Montgomery Scott
Stardate: 2025-12-08 20:01:54
Host: merlin
Operation: Critical System Migration to NixOS 25.11 Stable

================================================================================
EXECUTIVE SUMMARY
================================================================================

Successfully migrated merlin from NixOS unstable to 25.11 stable channel.
Generation 60 → 61 completed in 440 seconds with clean build.
All temporary unstable workarounds removed, system now on supported stable release.

================================================================================
TECHNICAL SPECIFICATIONS
================================================================================

Build Metrics:
- Generation: 60 → 61
- Build Duration: 440 seconds (7 minutes 20 seconds)
- Host: merlin
- Status: SUCCESS

Modified Files:
- flake.nix (primary channel definitions)

================================================================================
CONFIGURATION CHANGES ANALYSIS
================================================================================

Primary Channel Migration:
FROM: nixpkgs.url = "github:NixOS/nixpkgs/nixos-unstable"
TO:   nixpkgs.url = "github:NixOS/nixpkgs/nixos-25.11"

Input Consistency Updates:
- nixos-wsl.inputs.nixpkgs.follows: "nixpkgs-unstable" → "nixpkgs"
- sops-nix.inputs.nixpkgs.follows: "nixpkgs-unstable" → "nixpkgs"

Home Manager Stabilization:
FROM: url = "github:nix-community/home-manager/master"
TO:   url = "github:nix-community/home-manager/release-25.11"

Package Updates:
- nixfmt-rfc-style → nixfmt (stable channel compatibility)

Cleanup Actions:
- Removed all FIXME comments about temporary unstable usage
- Removed commented 25.05 and 25.11 readiness lines
- Simplified input structure with consistent stable following

================================================================================
ENGINEERING NOTES
================================================================================

Migration Rationale:
The fleet has been running on nixos-unstable with temporary workarounds since 
OpenCode testing requirements. With 25.11 stable now available and proven 
compatible, we've completed the planned migration to stable channel.

Key Technical Decisions:
1. All inputs now follow primary nixpkgs (25.11 stable) except where explicitly
   requiring unstable features via nixpkgs-unstable input
2. Home Manager migrated to release-25.11 branch for stability
3. Package name normalization (nixfmt) for stable channel compatibility
4. WSL and SOPS inputs aligned with stable channel for consistency

Build Performance:
440 seconds represents normal build time for channel migration with complete
dependency graph reconstruction. No performance regressions observed.

================================================================================
FLEET IMPACT ASSESSMENT
================================================================================

Current Status:
- merlin: MIGRATED (Generation 61)
- All other fleet vessels: Pending migration evaluation

Next Actions:
1. Monitor merlin stability over 24-48 hours
2. Evaluate other fleet vessels for similar migration
3. Update fleet documentation to reflect 25.11 as primary stable target
4. Consider nixpkgs-unstable usage patterns for bleeding-edge requirements

Compatibility Notes:
- All existing configurations compatible with 25.11 stable
- No breaking changes detected in core system functionality  
- OpenCode functionality maintained with stable channel

================================================================================
VERIFICATION STATUS
================================================================================

✅ System build completed successfully
✅ Generation 61 active
✅ No evaluation errors detected
✅ Core services operational
✅ Package availability confirmed
✅ Input consistency verified

Migration classified as: COMPLETE SUCCESS

================================================================================
CHIEF ENGINEER CERTIFICATION
================================================================================

I hereby certify that the NixOS 25.11 stable migration for merlin has been
completed according to fleet engineering standards. The system is now running
on officially supported stable channels with all temporary workarounds removed.

The migration represents a significant milestone in fleet modernization,
moving from experimental unstable tracking to production-ready stable release.

Chief Engineer Montgomery Scott
Stardate 2025-12-08 20:01:54
"She's running smooth as silk, Captain!"

================================================================================
