## Home-Manager Rebuild - 2025-12-14
**Host**: merlin
**Operation**: Home-Manager Rebuild
**Generation**: 72 → 73  
**Build Duration**: 12 seconds
**Status**: ✅ SUCCESS

### Configuration Analysis
- **Configuration Files**: No changes detected
- **File Changes**: No configuration changes detected
- **Assessment**: Clean rebuild cycle - likely routine generation advancement or dependency refresh

### Performance Metrics
- **Build Time**: 12 seconds (excellent performance)
- **Generation Increment**: Standard single increment (72 → 73)
- **Build Efficiency**: High - minimal rebuild overhead for unchanged configuration

### Technical Notes
- Clean rebuild indicates healthy state management
- Fast build time suggests effective Nix store utilization
- No configuration drift detected

**Chief-Engineer**: Montgomery Scott <2025-12-14>
**Host-Detection**: merlin
**Operation-Type**: home-manager-rebuild
**Generation-Data**: 72→73
**Build-Performance**: 12s

---
