================================================================================
STARFLEET ENGINEERING LOG - USS ENTERPRISE NCC-1701
================================================================================
DATE: 2025-12-14
HOST: merlin 
OPERATION: NixOS System Rebuild - Successful
ENGINEER: Chief Engineer Montgomery Scott
LOG CLASSIFICATION: Technical Operations

================================================================================
REBUILD OPERATION SUMMARY
================================================================================

HOST SYSTEM: merlin
GENERATION TRANSITION: 82 → 83
BUILD DURATION: 49 seconds
OPERATION STATUS: ✅ SUCCESSFUL

================================================================================
TECHNICAL ANALYSIS
================================================================================

CONFIGURATION STATUS:
- No configuration files changed since last rebuild
- No configuration changes detected in the flake evaluation
- This indicates a dependency-only rebuild, likely triggered by:
  * Nix store garbage collection recovery
  * Manual rebuild verification
  * Scheduled maintenance procedure

BUILD PERFORMANCE:
- Duration: 49 seconds - well within normal parameters
- Generation increment: Standard (+1) - healthy progression
- No compilation errors or evaluation issues detected

SYSTEM HEALTH INDICATORS:
✅ Clean rebuild process
✅ Fast build time (under 1 minute)
✅ Successful generation transition
✅ No configuration drift detected

================================================================================
ENGINEERING ASSESSMENT
================================================================================

This rebuild represents a textbook maintenance operation on the Merlin 
workstation. The fact that no configuration changes were detected but a 
successful rebuild occurred suggests either:

1. Routine system verification
2. Post-cleanup rebuild to ensure system integrity
3. Testing rebuild process functionality

The 49-second build time is excellent performance, indicating:
- Nix binary cache is functioning optimally
- No complex derivations requiring compilation
- System dependencies are stable and cached

RECOMMENDATION: No action required. System is operating within normal 
parameters. This type of rebuild is part of healthy fleet maintenance.

================================================================================
FLEET STATUS IMPACT
================================================================================

Merlin workstation confirmed operational and ready for duty.
No cascading effects on other fleet vessels expected.

================================================================================
TECHNICAL METADATA
================================================================================

Generation Number: 83
Previous Generation: 82
Build Time: 49s
Configuration Hash: [Unchanged from Generation 82]
Timestamp: 2025-12-14T$(date '+%H:%M:%S')Z

Chief Engineer's Note: "The wee beastie's runnin' smooth as a highland 
stream after a gentle rain. No troubles to report, Captain!"

================================================================================
END LOG
================================================================================
