================================================================================
CHIEF ENGINEER'S LOG - STARDATE 2025-12-14.0559
Home-Manager Rebuild Success Report - USS Merlin (Second Rebuild)
================================================================================

REBUILD METRICS:
- Station: merlin
- Operation: Home-Manager Rebuild (Generation Advancement)
- Generation Transition: 77 → 78
- Build Duration: 12 seconds
- Status: SUCCESSFUL COMPLETION
- Session: Secondary rebuild following earlier generation 68→69

CONFIGURATION MODIFICATIONS:
The following targeted engineering adjustments were implemented:

1. FONT SUBSYSTEM OPTIMIZATION (hosts/common/core/fonts.nix):
   - Reordered monospace font priority: 
     * Moved "Artifex CF" above "Monolisa Variable" 
     * Maintained "Cartograph CF" as primary
   - Enhanced serif font support: Added "GoMono Nerd Font Mono" to serif fallback chain
   - Technical Impact: Improved font rendering hierarchy with better monospace alternatives

2. AUDIO SUBSYSTEM CORRECTION (hosts/common/optional/audio.nix):
   - Fixed deprecated configuration directive:
     * OLD: hardware.pulseaudio.enable = false;
     * NEW: services.pulseaudio.enable = false;
   - Purpose: Compliance with current NixOS service management standards
   - Impact: Maintains PipeWire as primary audio while properly disabling PulseAudio service

TECHNICAL ANALYSIS:
- Exceptional build time: 12 seconds (improvement from earlier 17-second rebuild)
- Clean dependency resolution with no conflicts detected
- Font ordering optimization affects default monospace rendering priority
- Audio configuration update ensures proper NixOS service management compliance
- Generation progression indicates healthy system state (77→78)

CONFIGURATION DIFF ANALYSIS:
The changes represent fine-tuning operations following the major channel migration 
completed in the earlier rebuild session. These adjustments focus on:
- Typography rendering optimization for development workflows
- Service management compliance with NixOS standards
- No breaking changes or service disruptions expected

ENGINEERING ASSESSMENT:
All systems operating within optimal parameters. The font priority refinements 
should enhance code readability, particularly for extended development sessions.
The audio service correction ensures proper systemd service management without
affecting the established PipeWire audio stack.

FLEET INTEGRATION STATUS:
- Configuration health: EXCELLENT
- Service compliance: UPDATED TO CURRENT STANDARDS  
- Font optimization: ENHANCED FOR DEVELOPMENT USE
- Audio subsystem: PROPERLY MANAGED

SYSTEM STATUS: OPTIMAL
Current Generation: 78
Ready for continued operations.

ENGINEERING NOTES:
1. Second successful rebuild in same session demonstrates excellent configuration stability
2. Fast build time indicates efficient incremental changes
3. Font adjustments align with typography preferences for coding workflows  
4. Service management correction future-proofs audio configuration

Chief Engineer Montgomery Scott
Stardate 2025-12-14.0559
Engineering Division - Lord Gig's Realm Fleet Operations
================================================================================
