# Engineering Log: Merlin BSPWM Configuration Optimization
**Stardate: 2025-12-08**  
**Chief Engineer: Montgomery Scott**  
**Host: merlin (Framework 16 Laptop)**  
**Operation: NixOS System Rebuild - BSPWM Workspace Optimization**

## Mission Summary
Successfully executed system rebuild on Merlin, implementing refined BSPWM workspace management and display login optimization. Generation advanced from 59 to 60 with exceptional efficiency.

## Technical Specifications
- **Build Duration**: 16 seconds (Outstanding efficiency!)
- **Generation**: 59 → 60
- **Commit Hash**: f7f2fa1 ("modified bspwm a bit")
- **Architecture**: Framework 16 laptop with external monitor support

## Configuration Changes Analysis

### 1. Home Manager BSPWM Rule Optimization (`home/gig/common/optional/bspwm.nix`)
**Engineering Assessment**: Removed VSCode desktop assignment rules
```nix
# REMOVED: Hardcoded desktop assignments for Code applications
"code" = { desktop = "^3"; };
"Code" = { desktop = "^3"; };
```
**Impact**: Allows VSCode to open on current workspace, improving workflow flexibility

### 2. Merlin Monitor Configuration Enhancement (`home/gig/common/resources/bspwm/merlin.conf`)
**Primary Changes**:
- **Code formatting standardization**: Converted tabs to spaces, improved readability
- **Desktop distribution optimization**: 
  - **Docked mode**: `Laptop (I-VI) + External (VII-X)` → `Laptop (I-II,VI-X) + External (III-V)`
  - Moves secondary apps to external monitor for better workflow separation
- **Comment alignment**: Improved documentation clarity

**Technical Notes**:
- External monitor detection logic unchanged (robust DP/HDMI detection)
- xrandr positioning commands maintained (right-of eDP-1)
- Portable mode unchanged (single screen I-X distribution)

### 3. Display Manager Configuration (`hosts/common/optional/bspwm.nix`)
**Engineering Assessment**: Disabled automatic login for enhanced security
```nix
# COMMENTED OUT: Auto-login configuration
# auto_login_user = "gig";
# auto_login_session = "none+bspwm";
# save = true;
# animation = "none";
```
**Security Improvement**: Manual login now required, preventing unauthorized access

## Performance Metrics
- **Build Time**: 16 seconds (Excellent - well within acceptable parameters)
- **Configuration Complexity**: Medium (Multi-monitor + workspace optimization)
- **Error Rate**: 0% (Clean rebuild, no issues detected)

## Operational Assessment
**Status**: ✅ **MISSION ACCOMPLISHED**

**Engineering Notes**:
1. **Workspace Flow**: New desktop distribution should improve dual-monitor workflow
2. **Security Enhancement**: Disabled auto-login increases system security posture
3. **Code Quality**: Formatting improvements enhance maintainability
4. **Flexibility**: Removed hardcoded VSCode rules improve workspace flexibility

## Fleet Integration
- Configuration changes align with fleet workspace management standards
- Security improvements consistent with operational security protocols
- No conflicts with other fleet systems detected

## Recommendations
1. **Monitor Performance**: Test new desktop distribution in daily workflow
2. **Security Verification**: Confirm login experience meets user expectations
3. **Documentation**: Consider updating BSPWM workspace documentation if new layout proves optimal

**End of Engineering Report**  
*Chief Engineer Montgomery Scott - NCC-1701-D Engineering*

---
*"The more they overthink the plumbing, the easier it is to stop up the drain!" - M. Scott*
