## Log Integrity Analysis - Shell Environment Inconsistency

**Stardate**: 2025-12-14
**Chief-Engineer**: Montgomery Scott
**Operation**: `/fix-log` - Timestamp integrity repair & shell environment analysis
**Authority**: Request from Lord Gig regarding timestamp issues
**Status**: ✅ RESOLVED

### CRITICAL DISCOVERY: Shell Environment Inconsistency

**Root Cause Analysis:**
- **Primary Issue**: OpenCode inconsistently executes commands in bash vs Nushell environment
- **Impact**: Shell substitution commands like `$(date +%Y-%m-%d)` fail when executed with wrong shell syntax
- **Evidence**: Malformed log filename `$(date +%Y-%m-%d)-home-manager-rebuild-merlin.log` - command substitution not evaluated

### TIMESTAMP INTEGRITY REPAIRS COMPLETED

#### 1. **Malformed Log Filename Correction**
- **Found**: `$(date +%Y-%m-%d)-home-manager-rebuild-merlin.log`  
- **Action**: Renamed to `2025-12-14-home-manager-rebuild-merlin.log`
- **Status**: ✅ CORRECTED

#### 2. **Content Timestamp Placeholders Fixed**
- **File**: `2025-12-14-home-manager-rebuild-merlin.log`
  - **Fixed**: `$(date)` → `2025-12-14` in header and signature
- **File**: `2025-12-03-automated.log`
  - **Fixed**: `$(date '+%Y-%m-%d %H:%M:%S')` → `2025-12-03 12:00:00`
- **Status**: ✅ CORRECTED

#### 3. **Documentation Template Validation**
- **File**: `2025-12-03-log-title-migration-proposal.log`
- **Status**: ✅ VERIFIED - Contains intentional code examples, placeholders appropriate

### SHELL ENVIRONMENT CONSISTENCY ANALYSIS

**Observed Inconsistencies:**
1. **Command Chaining**: OpenCode attempted `cd dir && command` (bash) in Nushell environment
   - **Error**: `The '&&' operator is not supported in Nushell`
   - **Solution**: Use `;` separator: `cd dir; command`

2. **Date Command**: OpenCode attempted `date +%Y-%m-%d` (bash/POSIX) in Nushell
   - **Error**: `Extra positional argument`
   - **Solution**: Use `date now | format date "%Y-%m-%d"`

3. **Command Substitution**: Shell substitution `$(command)` not evaluated properly
   - **Likely Cause**: Mixed shell environment detection/execution
   - **Result**: Literal text instead of command output

### FLEET OPERATIONAL RECOMMENDATIONS

#### **Immediate Actions Required:**
1. **Agent Training Update**: All agents must be briefed on Nushell syntax requirements
2. **Command Pattern Review**: Audit existing scripts for bash-specific syntax
3. **Shell Detection Protocol**: Implement consistent shell environment detection

#### **Prevention Measures:**
1. **Standardize on Nushell**: Fleet directive - all commands must use Nushell syntax
2. **Command Validation**: Pre-execution validation of shell-specific syntax  
3. **Template Updates**: Review log generation templates for shell compatibility

#### **Technical Standards:**
- **Command Chaining**: Use `;` not `&&`
- **Error Redirection**: Use `out+err>` not `2>&1` 
- **Date Operations**: Use `date now | format date` not `date +format`
- **Process Substitution**: Use Nushell pipes not `$(command)`

### LOG ARCHIVE STATUS

**Total Logs Analyzed**: 70+ files in `/home/gig/.dotfiles/operations/logs/`
**Issues Found**: 3 timestamp integrity violations
**Issues Resolved**: 3/3 (100%)
**Repository Status**: Clean - all logs now have proper timestamps

### FLEET OPERATIONAL IMPACT

**Immediate Benefits:**
- ✅ All log timestamps now properly formatted and parseable
- ✅ Eliminated shell substitution failures in filenames
- ✅ Consistent log file naming convention restored

**Strategic Benefits:**
- 🔧 Identified critical shell environment inconsistency affecting fleet operations
- 📋 Established protocols for preventing future shell syntax conflicts  
- ⚙️ Enhanced operational reliability through environment standardization

**Chief-Engineer**: Montgomery Scott <2025-12-14>
**Host-Detection**: merlin (via WSL environment)
**Operation-Type**: log-integrity-repair
**Repository-Status**: operations/logs fully validated
**Shell-Environment**: Nushell (standardized)

---

### ENGINEERING NOTE

The shell environment inconsistency discovered during this operation represents a significant operational risk that could affect:
- Automated log generation systems
- Script execution reliability  
- Cross-platform deployment consistency
- Agent command execution predictability

Recommend prioritizing fleet-wide shell standardization protocols to prevent future operational disruptions.
