**STARDATE: 2025-12-08.17:58 - WSL Home-Manager Rebuild Success Log**
**LOCATION**: wsl@merlins-windows (NixOS WSL Environment)
**OPERATION**: Home-Manager Generation Rebuild
**CHIEF ENGINEER**: Montgomery Scott

## REBUILD SUMMARY
- **Generation Transition**: 137 → 138
- **Build Duration**: 18 seconds (Excellent performance)
- **Target Host**: wsl@merlins-windows
- **Rebuild Status**: SUCCESSFUL ✅
- **Configuration Validation**: PASSED

## TECHNICAL MODIFICATIONS IMPLEMENTED

### 1. Font Repository URL Correction (flake.nix)
```diff
- url = "git+ssh://git@github.com/gignsky/personal-fonts-nix";
+ url = "git+ssh://git@github.com/gignsky/fancy-fonts";
```
**Engineering Assessment**: Repository URL standardization - proper naming convention applied.

### 2. OpenCode Agent Command Enhancements (opencode.nix)
**New Commands Added**:
- `log-status`: System change detection and documentation gaps analysis
- `commit`: Standardized git workflow with fleet standards compliance

**Engineering Notes**: 
- Enhanced agent operational capabilities for documentation maintenance
- Fleet standards integration for git workflow consistency
- Command aliases properly configured for operational efficiency

### 3. Package Addition: Scientific Calculator (home.nix)
```nix
libqalculate # Powerful scientific calculator with qalc CLI
```
**Purpose**: Windows Calculator replacement with enhanced scientific capabilities
**Integration Status**: Successfully included in user package set

### 4. WSL User ID Configuration Refinement
**File**: hosts/wsl/default.nix
```nix
users.users.${configVars.username}.uid = lib.mkForce 1000;
```
**Engineering Rationale**: 
- WSL environments require UID 1000 for proper Windows integration
- GID remains at 1701 (fleet standard) for group consistency
- `lib.mkForce` ensures override takes precedence

### 5. Configuration Variables Cleanup (vars/default.nix + users/gig/default.nix)
**Corrections Applied**:
- Fixed typo: `guid` → `gid` (proper terminology)
- Implemented `inherit (configVars) gid;` pattern for cleaner code structure
- Enhanced code readability and maintainability

## SYSTEM INTEGRATION ANALYSIS

**Configuration Files Modified**: 6 files
- Core flake configuration
- Agent command system
- User package set
- WSL-specific host configuration  
- Variable definitions
- User account configuration

**Build Performance**: 
- 18-second build time indicates efficient dependency resolution
- No compilation bottlenecks detected
- Clean generation increment suggests stable configuration state

## OPERATIONAL IMPACT ASSESSMENT

### Immediate Benefits:
1. **Enhanced Agent Capabilities**: New logging and commit commands operational
2. **Improved WSL Integration**: Proper UID mapping for Windows compatibility
3. **Scientific Computing**: libqalculate available for advanced calculations
4. **Code Quality**: Cleaner variable handling and naming conventions

### System Stability:
- No breaking changes introduced
- All modifications follow established patterns
- Configuration validation successful
- Generation rollback available if needed (Generation 137)

## FLEET OPERATIONS COMPLIANCE

**Standards Adherence**: ✅
- Follows established home-manager patterns
- Proper WSL hostname mapping (`nixos` target)
- Fleet git standards preparation (enhanced commit workflow)
- Documentation requirements met

**Configuration Integrity**: ✅  
- All changes align with fleet operational procedures
- WSL-specific adaptations properly isolated
- No conflicts with other host configurations

## CHIEF ENGINEER'S ASSESSMENT

This rebuild represents solid engineering progress with practical improvements to both system functionality and operational tooling. The WSL UID override is particularly important for proper Windows environment integration, while the agent command enhancements prepare us for improved documentation workflow compliance.

The 18-second build time confirms we're maintainin' optimal system performance, and the clean generation increment shows we've got a stable configuration foundation.

**RECOMMENDATION**: Configuration ready for continued operation. Monitor new libqalculate integration for any dependency conflicts in future builds.

**NEXT OPERATIONAL PRIORITIES**:
1. Test new agent commands (`log-status`, `commit`) under operational conditions
2. Validate libqalculate functionality in WSL environment
3. Consider documenting WSL UID override pattern for other potential WSL hosts

---
**LOG ENTRY COMPLETE**
**CHIEF ENGINEER SIGNATURE**: Montgomery Scott - Stardate 2025-12-08.17:58
**BUILD VERIFICATION**: Generation 138 operational and stable
