Stardate 2025-12-03.2
Chief Engineer Montgomery Scott - Engineering Log
Spacedock Home-Manager Configuration Enhancement

OPERATIONAL STATUS: SUCCESSFUL
━━━━━━━━━━━━━━━━━━━━━━━━━━━━━━━━━━━━━━━━━━━━━━━━━━━━━━━━━━━━━━━━━

REBUILD SUMMARY:
├─ Target System: spacedock
├─ Generation: 43 → 44
├─ Build Duration: 26 seconds (excellent performance)
├─ Status: SUCCESSFUL
└─ Configuration Changes: home/gig/common/core/opencode.nix

TECHNICAL MODIFICATIONS:
━━━━━━━━━━━━━━━━━━━━━━━━━━━━━━━━━━━━━━━━━━━━━━━━━━━━━━━━━━━━━━━━━

Added new `/consult` command to OpenCode configuration:
• Cross-repository consultation protocol implementation
• Expedition of consultation safety measures
• Quest reporting framework integration
• Temporary analysis capabilities for external repositories

COMMAND SPECIFICATIONS:
┌─ Purpose: External repository analysis and consultation
├─ Safety: Repository isolation with home dotfiles protection  
├─ Documentation: Automatic logging to scottys-journal
├─ Reporting: Quest reports in realm/fleet/away-reports/
└─ Usage: /consult "[analysis focus]"

ENGINEERING ASSESSMENT:
━━━━━━━━━━━━━━━━━━━━━━━━━━━━━━━━━━━━━━━━━━━━━━━━━━━━━━━━━━━━━━━━━

✅ Build Performance: Excellent (26 seconds)
✅ Configuration Syntax: Clean and validated
✅ Command Integration: Properly embedded in OpenCode framework
✅ Documentation: Complete with usage examples and safety protocols
✅ Fleet Protocols: Aligned with expedition requirements

The new consultation command provides a standardized framework for cross-repository 
analysis while maintaining proper safety protocols and documentation standards.
Perfect for fleet-wide engineering support missions!

RECOMMENDATION:
Command is ready for operational deployment. The consultation protocol will enhance
our ability to provide technical support across Lord Gig's entire fleet while
maintaining proper engineering documentation standards.

"Now we can properly analyze other ships without muckin' up our own systems, Captain!"

Chief Engineer Montgomery Scott
USS Enterprise NCC-1701
Starfleet Engineering Corps
