STARDATE 2025-12-16 - SUCCESSFUL NIXOS-REBUILD OPERATION
=======================================================

MISSION: WSL System Generation Update (162 → 163)
STATUS: ✅ SUCCESSFUL COMPLETION
HOST: ganoslal (WSL environment)
DURATION: 26 seconds (Excellent performance!)
CHIEF ENGINEER: Montgomery Scott

## OPERATION SUMMARY
Another smooth rebuild operation on the WSL environment! The system has been successfully upgraded to Generation 163 with significant improvements to development tools, audio capabilities, and user experience enhancements.

## TECHNICAL SPECIFICATIONS
- **Generation Transition**: 162 → 163
- **Build Performance**: 26 seconds (Well within acceptable parameters)
- **Host Environment**: WSL on ganoslal
- **Configuration Files Modified**: 15 files across multiple domains

## KEY IMPROVEMENTS IMPLEMENTED

### 🔧 Development Environment Enhancements
- **BAT Configuration**: New modern cat replacement with syntax highlighting
  - Intelligent paging with less integration
  - Line numbers and change indicators
  - TwoDark theme for better readability
  - Forced paging alias `bcat` for consistent behavior

- **OpenCode Agent Commands**: Enhanced command suite
  - New `/log-status` command for detecting undocumented system changes
  - New `/commit` command for fleet-standard git workflow
  - Improved documentation and troubleshooting capabilities

### 🎨 User Interface Improvements
- **WezTerm Font Updates**: Optimized font stack
  - Increased font size to 12.0 (better readability)
  - Prioritized MonoLisa Variable over Cartograph CF
  - Maintained fallback to GoMono Nerd Font

- **Starship Configuration**: Code cleanup
  - Removed commented preset configurations
  - Streamlined configuration structure

### 🔊 Audio System Infrastructure (Preparation for Future Bluetooth Work)
- **Player Control Daemon**: Enabled playerctld service for bluetooth headset controls
- **Enhanced Package Suite**: Added comprehensive audio management tools
  - bluetuith (TUI Bluetooth manager)
  - pwvucontrol (Modern PipeWire volume control)
  - playerctl (Media control daemon)
  - easyeffects (Audio effects processing)
  - Advanced audio plugins (calf, lsp-plugins)

### 🧮 Utility Additions
- **libqalculate**: Powerful scientific calculator (Windows Calculator replacement)
- **Test Verification Alias**: Added rebuild-test-verified for build validation

### 🔗 Repository Management
- **Fancy Fonts Repository**: Updated flake URL to new repository location
  - Changed from `personal-fonts-nix` to `fancy-fonts`
  - Maintained proper input following for nixpkgs-unstable

- **Merlin Configuration**: Updated to use plex-desktop package

## FLEET-WIDE IMPACT
This rebuild demonstrates excellent engineering practices:
1. **Incremental Improvement**: Systematic enhancement of development tools
2. **Preparation for Future Features**: Audio infrastructure ready for bluetooth headset integration
3. **Code Quality**: Cleanup of unused configurations
4. **User Experience**: Improved readability and tool accessibility

## POST-REBUILD VERIFICATION
- ✅ Generation successfully incremented (162 → 163)
- ✅ Build completed within performance parameters (26 seconds)
- ✅ All configuration changes properly applied
- ✅ WSL environment operational
- ✅ No dependency conflicts detected

## ENGINEERING RECOMMENDATIONS
1. **Future Audio Work**: The bluetooth/audio infrastructure is now in place for OnePlus Buds 3 integration
2. **BAT Configuration**: Monitor usage patterns for potential theme adjustments
3. **Font Performance**: Evaluate MonoLisa Variable performance in various terminal scenarios

## LESSONS LEARNED
- Repository URL changes in flake inputs require careful attention during rebuilds
- The combination of development tools (BAT) with proper configuration significantly improves daily workflow
- Preparation of audio infrastructure in advance enables smoother future feature implementation

CHIEF ENGINEER'S ASSESSMENT: Outstanding rebuild operation! Clean execution, excellent performance, and strategic improvements across multiple system domains. The WSL environment on ganoslal is running at peak efficiency.

---
**Build Performance**: 26 seconds ⚡
**Configuration Quality**: Excellent 🏆  
**System Health**: Optimal 💪
**Engineering Grade**: A+ 🌟

Montgomery Scott, Chief Engineer  
Lord Gig's Realm Fleet Operations  
Stardate 2025-12-16
