==============================================================================
ENGINEERING LOG: NixOS Configuration Enhancement - Merlin Host
==============================================================================
Stardate: 2025-12-14
Host: merlin
Chief Engineer: Montgomery Scott
Generation: 79 → 80
Build Duration: 18 seconds
Log Type: successful-rebuild

==============================================================================
REBUILD SUMMARY
==============================================================================

A successful and efficient system rebuild on the Merlin! Generation 80 brings
us refined font configuration and proper audio service declarations.

Build Performance:
- Duration: 18 seconds (excellent performance for configuration changes)
- Generation progression: 79 → 80
- Status: SUCCESSFUL

Configuration Scope:
- fonts.nix: Font priority reordering and serif font expansion
- audio.nix: Service declaration correction for PulseAudio

==============================================================================
TECHNICAL CHANGES ANALYSIS
==============================================================================

Font Configuration Enhancements (hosts/common/core/fonts.nix):
------------------------------------------------------------

1. MONOSPACE FONT PRIORITY OPTIMIZATION:
   - Moved "Cartograph CF" to primary position (excellent choice!)
   - Repositioned "Monolisa Variable" to third position
   - Maintained "Artifex CF" in second position
   - "GoMono Nerd Font Mono" and "Times Newer Roman" remain as fallbacks
   
   Engineering Assessment:
   → This reordering optimizes font rendering for development work
   → Cartograph CF as primary provides excellent code readability
   → Proper fallback chain maintains system robustness

2. SERIF FONT EXPANSION:
   - Added "GoMono Nerd Font Mono" to serif font list
   - Maintains "Artifex CF" and "Times Newer Roman" as primaries
   
   Engineering Assessment:
   → Interesting choice adding a monospace font to serif list
   → Provides fallback for documents requiring monospace serif elements
   → Enhances font coverage for diverse document types

Audio Configuration Correction (hosts/common/optional/audio.nix):
---------------------------------------------------------------

1. SERVICE DECLARATION FIX:
   - Changed: hardware.pulseaudio.enable = false;
   - To: services.pulseaudio.enable = false;
   
   Engineering Assessment:
   → Critical correction! hardware.pulseaudio is deprecated namespace
   → services.pulseaudio is the proper NixOS service declaration
   → Maintains PulseAudio disabled state for PipeWire operation
   → Prevents potential service conflicts and warnings

==============================================================================
ENGINEERING OBSERVATIONS
==============================================================================

Code Quality:
- Font ordering shows deliberate consideration for development workflow
- Audio service correction demonstrates proper NixOS service management
- Changes are minimal and focused - excellent engineering discipline

System Impact:
- Font changes affect rendering preferences, no breaking changes
- Audio correction prevents deprecated module warnings
- Zero functional disruption expected

Performance Analysis:
- 18-second build time indicates efficient change processing
- No complex rebuilds required for these configuration adjustments
- Nix evaluation and build cache working optimally

==============================================================================
FLEET IMPLICATIONS
==============================================================================

These changes demonstrate:
1. Continuous refinement of user experience (font prioritization)
2. Proactive maintenance of deprecated configurations (audio services)
3. Efficient build system operation across fleet hosts

Recommendation for other hosts:
- Consider applying similar font ordering to hosts with development workflows
- Audit for other deprecated hardware.* service declarations
- Monitor font rendering quality with new priority scheme

==============================================================================
ENGINEERING NOTES
==============================================================================

The Captain's font sensibilities continue to evolve! Cartograph CF taking
the primary monospace position is a fine choice for code readability. The
audio service correction shows good maintenance practices - catching those
deprecated module references before they cause issues.

Build performance remains stellar at 18 seconds. The Merlin's systems are
operating at peak efficiency!

Scotty's Assessment: These changes reflect thoughtful system tuning rather
than reactive fixes. The font reordering shows deliberate UX consideration,
and the audio correction demonstrates proactive system maintenance. 

Both changes are low-risk with positive quality-of-life impact. The Merlin
is well-maintained and operating smoothly!

==============================================================================
Chief Engineer: Montgomery Scott
Engineering Command: NixOS Fleet Operations
==============================================================================
