📊 Engineering Log - Stardate 2025-12-08 - Main Branch Stabilization via Develop Merge

Mission Status: SUCCESS ✅

## Operation Overview
Executed successful merge of develop branch into main per Captain's directive to stabilize main branch.

## Pre-Merge Analysis
- Branches analyzed: main and develop
- Commits ahead on develop: 176 commits
- Conflict analysis: Clean merge (no conflicts detected)
- Working tree: Clean and ready

## Major Changes Merged to Main:
### 🔧 Core Infrastructure Enhancements
- Complete Scotty Agent System implementation with Scottish engineering personality
- Fleet Operations Framework under realm/fleet/ directory structure
- Enhanced build systems with comprehensive logging
- Pre-commit optimization and formatting improvements

### 🖥️ System Configuration Upgrades
- Multi-monitor support: 6-monitor dual-GPU configuration for ganoslal
- Audio system configuration requirements
- Enhanced WSL integration
- New shell aliases including 'ndc' for flexible nix develop commands

### 📊 Engineering Documentation & Logging
- Comprehensive logging system in scottys-journal/
- Fleet documentation: operations manual, git conventions, administrative notes
- Performance metrics tracking via CSV files
- Complete mission archives and expedition documentation system

### 🛠️ Development Tools
- Interactive script packaging system with fzf selection
- Git enhancement tools including commit message enhancement
- Universal fleet commands: /sitrep and /fix-log for all agents

## Technical Execution
1. Branch status verification: Both branches up to date with remotes
2. Conflict analysis: Test merge confirmed clean automatic merge
3. Main branch checkout: Successful switch to main
4. Merge execution: Clean merge using 'ort' strategy
   - 89 files changed, 11,621 insertions(+), 212 deletions(-)
   - 45+ new files created (logs, documentation, scripts)
5. Validation: Flake structure validated successfully
6. Remote push: 176 commits pushed to origin/main

## Post-Merge Status
- Main branch: Successfully updated and pushed to remote
- Repository integrity: Confirmed via nix flake show
- All configurations: Properly structured and accessible
- Fleet operations: Fully operational on main branch

## Engineering Notes
The merge represents the culmination of significant engineering work spanning multiple weeks, bringing advanced fleet operations, comprehensive logging, and enhanced development tooling to the stable main branch. All systems are now ready for production use across the fleet.

Mission accomplished, Captain! Main branch is now stable and enhanced with all develop branch improvements.

Chief Engineer Montgomery Scott
Stardate 2025-12-08.1425
