# Merlin System Rebuild Success Log
**Stardate**: 2025-12-23  
**System**: merlin  
**Operation**: nixos-rebuild switch  
**Status**: SUCCESS ✅  
**Chief Engineer**: Montgomery Scott  

## Build Metrics
- **Generation**: 87 → 88
- **Build Duration**: 17 seconds
- **Performance**: Exceptionally efficient rebuild cycle

## Configuration Analysis
- **Configuration Changes**: None detected since last rebuild
- **Files Changed**: No configuration changes detected
- **Rebuild Trigger**: Likely routine maintenance or verification rebuild

## Technical Assessment
This represents an optimal rebuild scenario - the system successfully processed the flake configuration with minimal overhead due to no actual changes requiring rebuilding. The 17-second duration indicates excellent system performance and efficient Nix store utilization.

## Engineering Notes
- Fast rebuild times like this suggest good system health and proper Nix store management
- Generation increment confirms successful activation despite no configuration changes
- This type of "no-op" rebuild is valuable for verification purposes

## System Status
**Merlin operational status**: NOMINAL ✅  
**Fleet readiness**: MAINTAINED  

---
*Chief Engineer Montgomery Scott*  
*Stardate 2025-12-23*  
*"Aye, she's runnin' smooth as a wee Scottish stream!"*
