## Home-Manager Rebuild Success Report
**Stardate**: 2025-12-08 15:58:52  
**Host**: wsl@merlins-windows  
**Operation**: Home-Manager Rebuild  
**Generation**: 134 → 135  
**Build Duration**: 45 seconds  
**Status**: SUCCESS  

### Configuration Changes Applied

#### flake.nix Updates
- **Fancy Fonts Repository Migration**: Updated private fonts repository URL
  - Old: `git+ssh://git@github.com/gignsky/personal-fonts-nix`
  - New: `git+ssh://git@github.com/gignsky/fancy-fonts`
  - Repository rename successfully handled by flake system

#### home/gig/home.nix Package Additions  
- **libqalculate**: Added powerful scientific calculator with qalc CLI
  - Purpose: Calculator replacement for Windows Calculator on WSL
  - Provides advanced mathematical computation capabilities
  - Command-line interface integration

### Engineering Assessment
- **Build Performance**: Excellent 45-second rebuild time indicates healthy dependency cache
- **Repository Migration**: Clean transition of fancy-fonts dependency without conflicts  
- **Package Integration**: libqalculate addition expands mathematical tooling capabilities
- **WSL Environment**: Successful integration of GUI replacement tools in WSL context

### Fleet Operations Notes
- Repository rename handled gracefully by Nix flake system
- No dependency conflicts during rebuild process
- Mathematical tooling enhancement aligns with productivity objectives
- WSL environment continues stable operation with new packages

**Chief Engineer Montgomery Scott**  
*Fleet Engineering Division*
