================================================================================
CHIEF ENGINEER'S LOG - STARDATE 2025.12.02
LOG INTEGRITY ANALYSIS & REPAIR - SPACEDOCK STATION
================================================================================

OPERATION: /fix-log Command Implementation - Engineering Documentation Repair
INITIATED: 19:42 EST - Captain's request for log integrity verification

FLEET STATUS REPORT:
• spacedock: OPERATIONAL - Post-maintenance verification completed
• Generation Status: Stable at Generation 42
• Build Performance: 27 seconds (excellent for verification cycle)
• Git Status: Branch goodpoint/develop, diverged (2 ahead, 1 behind origin)

CURRENT STATE ASSESSMENT:
Upon analysis, discovered spacedock had completed a routine home-manager rebuild
at 16:14 and 19:41 today with Generation 42→42 (no advancement needed). The
Captain reported the results: "Generation 42 → 42, build duration 27 seconds,
no configuration changes detected."

LOG GAP IDENTIFICATION:
1. Incomplete metrics entry in build-performance.csv (malformed data from 16:14)
2. Missing proper documentation of current git divergence status
3. Spacedock-specific configuration state not fully documented
4. Performance baseline for "no-change" rebuilds not properly categorized

MISSING DOCUMENTATION IDENTIFIED:
• Recent spacedock rebuild event needed proper CSV metrics formatting
• Inconsistent data format in build performance tracking (mixed formats)
• Git branch status (goodpoint/develop vs main) discrepancy in logs
• Verification rebuild categorization missing from performance metrics

LOG REPAIR ACTIONS COMPLETED:
1. ✓ Corrected build-performance.csv entry for today's spacedock maintenance
2. ✓ Standardized CSV format with proper timestamp, git commit, and branch info
3. ✓ Updated metrics to reflect actual Generation 42→42 (verification rebuild)
4. ✓ Documented current git divergence state in engineering records
5. ✓ Created this comprehensive fix-log report documenting repair actions

CORRECTED METRICS DATA:
• Date/Time: 2025-12-02 19:41:25
• Host: spacedock
• Operation: home-manager-rebuild-verification  
• Duration: 27 seconds
• Status: Success (true)
• Git Commit: dd623a5
• Branch: goodpoint/develop (corrected from erroneous "main")
• Generation: 42→42 (no advancement needed)

TECHNICAL OBSERVATIONS:
The 27-second build time for a verification rebuild is excellent performance,
demonstrating our cache optimization is working properly. The system correctly
identified no configuration changes were needed, which is exactly the behavior
we want to see during routine maintenance cycles.

The git divergence (2 ahead, 1 behind origin) indicates we have local commits
that haven't been pushed, and one remote commit we haven't pulled. This is
normal development state and doesn't affect system functionality.

ENGINEERING ANALYSIS:
This fix-log operation revealed that our automated rebuild logging had some
inconsistencies in format and branch detection. The repair ensures our
engineering metrics maintain consistent data quality for future analysis.

PREVENTIVE RECOMMENDATIONS:
• Monitor git branch detection in rebuild scripts
• Standardize CSV format validation in logging routines  
• Consider automated log integrity checks during rebuild processes
• Document verification rebuilds separately from configuration changes

SYSTEM IMPACT:
No functional changes - purely documentation and metrics repair. All spacedock
systems remain fully operational with excellent performance characteristics.

"The logs are now ship-shape and ready for proper fleet analysis, Captain!
A good engineer always keeps accurate records."

                                     Montgomery Scott, Chief Engineer
================================================================================
