================================================================================
ENGINEERING LOG: Merlin Home-Manager Rebuild - UI/UX Refinements
================================================================================
Stardate: 2026-02-03
Host: merlin (Framework Laptop - Primary Development Workstation)
Operation: Home-Manager Configuration Rebuild
Generation: 120 → 121
Build Duration: 15 seconds
Status: SUCCESS ✓
Engineer: Chief Engineer Montgomery Scott
================================================================================

EXECUTIVE SUMMARY
-----------------
Successful home-manager rebuild implementin' UI/UX refinements across the 
Merlin workstation. Changes focused on font hierarchy optimization, workspace 
visual tuning, and package additions. Tailscale configuration prepared but 
left disabled pending network strategy review.

BUILD METRICS
-------------
- Previous Generation: 120
- New Generation: 121
- Build Time: 15 seconds (excellent performance)
- Configuration Files Modified: 5
- Packages Added: 1 (pipe-viewer)

CONFIGURATION CHANGES ANALYSIS
------------------------------

1. WezTerm Font Configuration (home/gig/common/core/wezterm.nix)
   ----------------------------------------------------------------
   Primary Change:
   - Font size increased: 12.0 → 15.0
   - Maintained MonoLisa Mono font family with fallback chain
   - Preserved commented-out previous configuration for reference
   
   Technical Notes:
   - Comment includes TODO for lazygit font configuration optimization
   - Previous config retained for comparative testing if needed
   - Change improves readability on Framework laptop display
   
   Impact: Enhanced terminal readability, better visual hierarchy

2. BSPWM Window Manager Tuning (home/gig/common/optional/bspwm.nix)
   ------------------------------------------------------------------
   Primary Change:
   - Window gap reduced: 15px → 13px
   - Border width maintained at 5px
   
   Technical Rationale:
   - Optimizes screen real estate utilization
   - Maintains visual breathing room while maximizing usable space
   - Particularly beneficial on laptop display constraints
   
   Impact: Improved workspace density, better multi-window workflows

3. System Fonts Priority (hosts/common/core/fonts.nix)
   ----------------------------------------------------
   Primary Change:
   - Monospace default fonts reordered:
     OLD: Cartograph CF → Artifex CF → Monolisa Variable → GoMono
     NEW: Monolisa Variable → Cartograph CF → Artifex CF → GoMono
   
   Technical Rationale:
   - Aligns system-wide font priority with WezTerm configuration
   - MonoLisa Variable now primary for consistent rendering
   - Maintains comprehensive fallback chain for compatibility
   
   Impact: Unified font rendering across applications, consistent UX

4. Package Additions (home/gig/home.nix)
   ---------------------------------------
   New Package:
   - pipe-viewer: YouTube client for terminal environment
   
   Technical Notes:
   - Extends terminal-based workflow capabilities
   - Complements existing TUI-focused toolset
   - Enables media consumption without leaving terminal environment
   
   Impact: Enhanced terminal workflow completeness

5. Tailscale Configuration (hosts/merlin/default.nix)
   ---------------------------------------------------
   Changes Made:
   - Uncommented tailscale.nix import in configuration imports
   - Added explicit `tailscale.enable = false;` setting
   
   Technical Status:
   - Configuration structure prepared for Tailscale integration
   - Service explicitly disabled pending network strategy review
   - No operational impact on current system behavior
   
   Future Considerations:
   - Ready for rapid enablement when mesh network strategy finalized
   - Configuration validated but not activated
   - Zero-touch activation path established

SYSTEM HEALTH ASSESSMENT
-------------------------
✓ Build completed successfully in optimal time (15s)
✓ Generation transition clean (120 → 121)
✓ No package conflicts or dependency issues
✓ All configuration changes validated during build
✓ System remains in stable operational state

TECHNICAL OBSERVATIONS
----------------------
1. Font Configuration Coherence:
   - System-wide and application-specific font configs now aligned
   - MonoLisa Variable established as primary monospace font
   - Fallback chain maintains robustness for edge cases

2. Window Manager Optimization:
   - Gap reduction reflects iterative UX tuning approach
   - Shows active workspace layout refinement process
   - Small adjustment indicates mature, stable configuration

3. Configuration Commentary:
   - Preserved old WezTerm config shows good historical tracking
   - TODO comment indicates ongoing font optimization initiative
   - Lazygit mentioned as reference standard for font rendering

4. Tailscale Preparation:
   - Conservative approach: structure ready, service disabled
   - Allows rapid deployment without rushed configuration
   - Demonstrates proper infrastructure staging methodology

PERFORMANCE CHARACTERISTICS
---------------------------
- Build Speed: Excellent (15 seconds for complete rebuild)
- Configuration Complexity: Moderate (5 files, multi-domain changes)
- Package Operations: Minimal (1 addition, no removals)
- System Impact: Low (UI/UX only, no core system changes)

RECOMMENDATIONS
---------------
1. Monitor font rendering across different applications to validate
   MonoLisa Variable priority change achieves desired consistency

2. Evaluate 13px window gap setting over next few work sessions for
   optimal balance between usability and aesthetics

3. Test pipe-viewer integration with existing terminal workflows
   and document any workflow enhancements

4. Complete lazygit font configuration TODO when time permits
   (referenced in WezTerm config comments)

5. Review Tailscale mesh network strategy to determine appropriate
   timeline for service enablement on Merlin

HISTORICAL CONTEXT
------------------
This rebuild continues the pattern of iterative UI/UX refinement seen
in recent Merlin operations (see 2026-01-28 logs for BSPWM enhancements).
The font configuration changes align with broader workspace optimization
initiatives, while Tailscale preparation indicates planning for future
network infrastructure evolution.

CONCLUSION
----------
Clean, successful rebuild implementin' thoughtful UI/UX refinements based
on real-world usage patterns. The Merlin workstation remains in excellent
operational condition with enhanced visual consistency and workspace
efficiency. All changes validated and stable.

The engines are purrin' perfectly, Cap'n!

================================================================================
End Engineering Log - Stardate 2026-02-03
Chief Engineer: Montgomery Scott
================================================================================
