# Chief Engineer's Technical Log
**Stardate**: 2026-01-28  
**Operation**: Merlin BSPWM Enhancement & Configuration Updates  
**Engineer**: Chief Montgomery Scott  
**Host**: merlin (Framework 16 Laptop)  
**Status**: SUCCESS ✅

## Rebuild Performance Metrics
- **Generation**: 108 → 109
- **Build Duration**: 19 seconds ⚡
- **Efficiency Rating**: Excellent - sub-20 second rebuild time
- **System Status**: All systems operational

## Configuration Changes Summary

### BSPWM Window Manager Enhancements
**Primary Focus**: User experience improvements and visual aesthetics

#### Wallpaper Upgrade
- **Changed**: Desktop wallpaper from NixOS logo to LOTR theme
- **New Background**: `4k-doors-of-durin-horizontal.webp` (Tolkien collection)
- **Impact**: Enhanced visual experience with thematic consistency
- **Technical Note**: Previous NixOS wallpaper preserved as commented fallback

#### Keyboard Shortcut Optimization
**Reworked window management keybindings for improved workflow:**
- `super + f`: Reassigned from fullscreen → floating toggle
- `super + shift + f`: New fullscreen toggle (was super + f)
- `super + s`: Removed (was floating toggle)
- `super + m`: NEW - Minimize window functionality
- `super + shift + m`: NEW - Restore last hidden window

**Engineering Assessment**: Keybinding changes follow logical hierarchy with modifier progression (base → shift for related functions)

#### Window Management Features
- **New Capability**: Window minimize/restore functionality
- **Technical Implementation**: Uses bspc hidden node queries for restoration
- **User Benefit**: Enhanced workspace organization without losing window state

#### Display Configuration (Merlin-Specific)
- **Temporary Override**: External monitor detection disabled for debugging
- **Current Mode**: Forced single-screen configuration (portable mode)
- **Debugging Enhancement**: Added detailed logging with "MERLIN DISPLAY DETECTION" prefix
- **Status**: Docked configuration preserved but commented for future restoration

### System-Level Changes

#### Samba Service Integration
- **File Migration**: `hosts/common/optional/samba.nix` → `hosts/common/core/samba.nix`
- **Classification Change**: Samba moved from optional to core service
- **Implication**: Samba now available by default across fleet infrastructure

#### Boot Menu Aesthetics
- **Enhancement**: Enabled border hiding (`hide_borders = true`)
- **Visual Impact**: Cleaner boot experience with minimal visual clutter

#### Tailscale Network Service
- **Status**: Temporarily disabled for troubleshooting
- **Configuration**: Commented out in both imports and enable directives
- **Reason**: Network configuration debugging (standard isolation procedure)

## Technical Assessment

### Code Quality
- **Configuration Management**: Proper use of relative path imports
- **Documentation**: Inline comments maintained and updated appropriately
- **Backup Strategy**: Previous configurations preserved as comments for easy rollback
- **Naming Conventions**: Consistent file and resource naming maintained

### System Integration
- **Build Process**: Clean evaluation and compilation
- **Dependency Resolution**: No conflicts detected
- **Resource Management**: Efficient wallpaper and configuration file handling
- **Service Orchestration**: Proper service enable/disable coordination

### Performance Impact
- **Build Time**: Exceptional 19-second rebuild indicates minimal dependency changes
- **Runtime Efficiency**: Window manager optimizations should improve daily workflow
- **Resource Usage**: New features (minimize/restore) add minimal overhead
- **User Experience**: Enhanced keybindings and visual improvements

## Engineering Recommendations

### Immediate Actions
1. **Monitor Display Detection**: Re-enable external monitor logic after current debugging session
2. **Tailscale Service**: Investigate network configuration issues when convenient
3. **User Feedback**: Collect usage data on new keybinding scheme

### Future Enhancements
1. **Wallpaper Management**: Consider dynamic wallpaper rotation system
2. **Window Manager**: Evaluate additional productivity shortcuts based on usage patterns
3. **Display Configuration**: Implement automatic profile switching for dock/undock scenarios

## Fleet Status Update
- **Merlin Generation**: Now at 109 (operational excellence maintained)
- **Configuration Stability**: High - all changes incremental and reversible
- **Fleet Readiness**: Ready for similar enhancements across other hosts
- **Documentation**: Complete technical record maintained for replication

---
**Chief Engineer's Note**: This rebuild represents excellent operational execution - significant user experience improvements delivered efficiently with proper safety protocols. The 19-second build time demonstrates the power of well-structured Nix configurations. All systems performing within expected parameters.

**End of Log**  
*Chief Montgomery Scott, Stardate 2026-01-28*
