**STARDATE: 2026-01-28**
**CHIEF ENGINEER'S LOG: Montgomery Scott**
**OPERATION: Merlin NPS Implementation & System Rebuild**

---

## REBUILD SUCCESS REPORT

**Host**: merlin  
**Generation Transition**: 109 → 110  
**Build Duration**: 34 seconds  
**Status**: SUCCESS ✅  

### TECHNICAL IMPLEMENTATION

**Configuration Changes**:
- **New Module**: `hosts/common/core/nps.nix`
- **Scope**: System-wide NPS (Nix Package Search) tool installation and automation
- **Impact**: Enhanced package discovery capabilities across fleet

### ENGINEERING ANALYSIS

**NPS Module Implementation**:
```nix
# Package Installation
environment.systemPackages = [ pkgs.nps ];

# Environment Configuration
environment.variables = {
  NIX_PACKAGE_SEARCH_EXPERIMENTAL = "true";
  NIX_PACKAGE_SEARCH_TRUNCATE = "true";
};

# Automated Cache Management
systemd.timers."refresh-nps-cache" = {
  wantedBy = [ "timers.target" ];
  timerConfig = {
    OnCalendar = "hourly";
    Persistent = true;
  };
};
```

**Key Features**:
- **Experimental Flake Mode**: Enabled for modern Nix workflows
- **Output Formatting**: Truncated output for better readability
- **Automated Refresh**: Hourly cache updates via systemd timer
- **Systemd Integration**: Proper service configuration with path management

**Engineering Notes**:
- ⚠️ **ATTENTION**: User field requires replacement (`REPLACE_ME` → actual username)
- Cache refresh uses aggressive debugging (`-dddd`) for comprehensive updates
- Flake-aware configuration with `-e -r` flags
- Service runs as oneshot with proper error handling

### OPERATIONAL STATUS

**Build Performance**: Excellent - 34 seconds is well within acceptable parameters
**Module Integration**: Clean addition to common core configuration
**Fleet Impact**: Enhanced package discovery capabilities for all hosts using common core

### TECHNICAL RECOMMENDATIONS

1. **User Configuration**: Replace `REPLACE_ME` placeholder in systemd service
2. **Fleet Rollout**: Consider enabling on other production hosts
3. **Monitoring**: Watch systemd service logs for cache refresh success
4. **Performance**: Monitor hourly cache refresh impact on system resources

### ENGINEER'S ASSESSMENT

This be a solid implementation, Captain! The NPS tool will significantly improve package discovery workflows across the fleet. The automated cache refresh ensures we'll always have up-to-date package information without manual intervention. The systemd integration follows proper engineering practices with appropriate error handling and path management.

The 34-second build time indicates our configuration remains lean and efficient even with new additions. Ready for fleet-wide deployment once the user placeholder is addressed.

---

**Chief Engineer**: Montgomery Scott  
**Timestamp**: 2026-01-28  
**Generation**: 110  
**Build Status**: OPERATIONAL ✅
