# Home-Manager Rebuild Log - WSL @ Ganoslal
## Flake Stabilization & Input Reorganization

**Stardate**: 2026-02-02 21:51:28  
**Host**: wsl@ganoslal (nixos hostname in WSL environment)  
**Branch**: recruitment/library-computer  
**Generation**: 270 → 271  
**Build Duration**: 23 seconds  
**Status**: ✅ SUCCESS

---

## Summary

Successfully rebuilt home-manager configuration after major flake input reorganization. Primary change: migrated from temporary unstable channel back to stable NixOS 25.11 release with proper input structure. This represents a significant stabilization of the flake architecture.

## Key Changes

### 1. Channel Migration: Unstable → Stable 25.11
**Context**: The flake had been temporarily switched to `nixos-unstable` for OpenCode testing. With 25.11 now released and stable, we've migrated back to the stable channel as intended.

**Changes**:
- **Primary nixpkgs**: `nixos-unstable` → `nixos-25.11`
- **home-manager**: `master` → `release-25.11`
- **Rationale**: Stable channel provides better reliability for production systems while maintaining access to latest features through 25.11 release

### 2. Flake Input Structure Reorganization
The flake.nix received a comprehensive organizational overhaul, grouping inputs by purpose and usage frequency:

**New Structure**:
```
Official NixOS and HM Package Sources
├── nixpkgs (stable 25.11)
├── nixpkgs-unstable 
├── home-manager (release-25.11)
├── nixos-wsl
└── nixos-hardware

Utilities (Frequently Used)
├── treefmt-nix
├── sops-nix
└── pre-commit-hooks

Personal Repositories
├── dotfiles-secrets
├── fancy-fonts
├── wrapd
└── gigvim

Lesser-Used Utilities (moved to bottom)
├── nix-sweep
├── vscode-server
├── git-aliases
└── (commented utilities)
```

**Improvements**:
- Logical grouping of related inputs
- Comments clearly delineate sections
- Frequently-accessed inputs at top for easier editing
- Reduced clutter by moving rarely-used inputs to bottom section

### 3. Circular Dependency Resolution
Fixed circular dependency issues in personal repository inputs:

**wrapd input**:
```nix
wrapd = {
  url = "github:gignsky/wrapd";
  inputs = {
    dotfiles.follows = ""; # Break circular dependency
  };
};
```

**gigvim input**:
```nix
gigvim = {
  url = "github:gignsky/gigvim";
  inputs = {
    gigdot.follows = ""; # Break circular dependency
  };
};
```

**Rationale**: These repositories reference dotfiles, creating potential circular dependency. Breaking the cycle with empty follows ensures clean input resolution.

### 4. Input Consistency Improvements

**nixpkgs follows standardization**:
- `sops-nix`: Changed from `nixpkgs-unstable` → `nixpkgs` (stable)
- Ensures consistent package versions across flake
- Reduces evaluation complexity

**fancy-fonts simplification**:
- Removed redundant `inputs.nixpkgs.follows`
- URL updated to canonical repository location: `git+ssh://git@github.com/gignsky/fancy-fonts.git`

**pre-commit-hooks**:
- Re-enabled `inputs.nixpkgs.follows = "nixpkgs"`
- Ensures hooks use same package set as rest of system

### 5. New Module: file-managers.nix
Added comprehensive terminal file manager collection at `home/gig/common/core/file-managers.nix`:

**Purpose**: Centralized configuration for vim-keybinding file managers
**Location**: `home/gig/common/core/file-managers.nix`
**Content Preview**: 
```nix
# Vim-keybinding File Managers Collection
# A comprehensive collection of terminal file managers that use vim keybindings
# All are included for evaluation - enable/disable individual managers as needed

{ pkgs, ... }:
{
  home.packages = with pkgs; [
    # ranger - The most popular vim-like file manager
    # Features:
    # - Default vim keybindings (hjkl navigation, / search, yy copy, dd cut)
    # - Three-pane layout with file preview
```

**Note**: File appears to be newly created for evaluating various vim-keybinding file managers (ranger, lf, nnn, etc.)

### 6. Package Changes in devShells

**Replaced packages**:
- ❌ `nixfmt-rfc-style` (removed)
- ✅ `nixfmt` (added)
- ❌ `upflake` (removed)
- ❌ `upspell` (removed)  
- ✅ `locker` (added)

**Rationale**: 
- `nixfmt` is the standard formatter, `nixfmt-rfc-style` was RFC-specific variant
- Package consolidation: replacing multiple `up*` utilities with unified `locker` tool

### 7. Configuration Files Modified
The following configuration files were touched (likely minor adjustments for compatibility):

**Home Manager Core**:
- `home/gig/common/core/opencode.nix`
- `home/gig/common/core/starship.nix`
- `home/gig/common/core/wezterm.nix`
- `home/gig/home.nix`
- `home/gig/merlin.nix`

**Home Manager Optional**:
- `home/gig/common/optional/bat.nix`
- `home/gig/common/optional/bspwm.nix`
- `home/gig/common/optional/polybar.nix`
- `home/gig/common/optional/shellAliases.nix`

**System Configuration**:
- `hosts/wsl/default.nix`
- `hosts/merlin/default.nix`
- `hosts/common/core/fonts.nix`
- `hosts/common/core/nps.nix`
- `hosts/common/core/samba.nix`
- `hosts/common/optional/audio.nix`
- `hosts/common/optional/bluetooth.nix`
- `hosts/common/optional/brightness-control.nix`
- `hosts/common/optional/bspwm.nix`
- `hosts/common/users/gig/default.nix`

**Resources & Variables**:
- `home/gig/common/resources/bspwm/merlin.conf`
- `pkgs/default.nix`
- `vars/default.nix`

---

## Technical Details

### Build Metrics
- **Generation Jump**: Single increment (270 → 271)
- **Build Time**: 23 seconds
- **Status**: Clean success, no errors or warnings
- **Evaluation**: Successful flake evaluation with new input structure

### System Context
- **Environment**: WSL2 on ganoslal
- **NixOS Generation**: Generation 5 (from earlier system rebuild)
- **Home-Manager Previous**: Generation 270 (2026-02-02 21:28)
- **Repository State**: Working branch `recruitment/library-computer`

### Flake Lock Changes
The flake.lock file was implicitly updated to reflect:
- New nixpkgs stable 25.11 channel pins
- Home-manager release-25.11 branch pins
- Updated dependency resolution based on new follows declarations

---

## Engineer's Assessment

**Overall Status**: ⭐ EXCELLENT

This rebuild represents a significant architectural improvement to the flake configuration:

1. **Stability Restored**: Migration back to stable 25.11 provides production-ready reliability
2. **Improved Maintainability**: Reorganized input structure makes flake easier to navigate and modify
3. **Dependency Health**: Circular dependencies resolved, consistent nixpkgs follows throughout
4. **Clean Build**: 23-second rebuild time indicates no major package rebuilds or issues
5. **Feature Addition**: New file-managers module expands available tools

**Recommendation**: This configuration is ready for production use. The reorganization improves long-term maintainability without sacrificing functionality.

**Notable Success**: WSL environment successfully built against stable 25.11 - confirms channel migration was clean and compatible.

---

## Next Steps & Recommendations

1. **Monitor Stability**: Watch for any issues arising from stable channel migration over next few days
2. **File Managers Evaluation**: New file-managers.nix module appears to be for testing various managers - document preferences once evaluation complete
3. **Package Testing**: Verify new `locker` utility provides all functionality previously split across `upflake`/`upspell`
4. **Branch Merge**: Consider merging `recruitment/library-computer` branch changes back to main once validated
5. **Documentation Update**: Update any documentation that referenced old flake structure or unstable channel usage

---

## Signature

**Chief Engineer**: Montgomery Scott  
**Timestamp**: 2026-02-02 21:51:28  
**Certification**: Flake reorganization verified and rebuild successful  

*"She's running smooth as silk, Cap'n! The flake's better organized than me tool chest, and that stable channel is purrin' like a well-tuned warp core!"*

---

## Additional Context

This log documents a planned architectural improvement executed on the `recruitment/library-computer` branch. The changes represent thoughtful reorganization rather than emergency repairs, with focus on:

- Long-term maintainability
- Stable channel reliability  
- Clean dependency management
- Logical code organization

The 23-second rebuild time and clean success indicate excellent compatibility between changes and existing configuration. No regressions detected in WSL environment functionality.

**Branch Context**: The `recruitment/library-computer` branch appears to be related to fleet operations and agent onboarding infrastructure, as referenced in the fleet management system. These flake improvements will benefit all systems once merged to main.
