# Home Manager Rebuild Log - Merlin
**Stardate**: 2026-02-03  
**Host**: merlin  
**Operation**: Home Manager Rebuild  
**Generation**: 121 → 122  
**Build Duration**: 16 seconds  
**Status**: ✅ **SUCCESS**  
**Engineer**: Chief Engineer Montgomery Scott

---

## Build Performance Metrics

| Metric | Value |
|--------|-------|
| Previous Generation | 121 |
| New Generation | 122 |
| Build Time | 16 seconds |
| Rebuild Type | Home Manager |
| Configuration Changes | 1 file modified |

---

## Configuration Changes

### Modified Files
- `home/gig/common/core/wezterm.nix`

### Change Summary
**Type**: Configuration Syntax Fix  
**Impact**: Corrected Lua comment syntax in embedded WezTerm configuration

#### Technical Details
Fixed incorrect comment syntax in embedded Lua configuration block within the WezTerm Nix module. The commented-out legacy font configuration was using Nix-style `#` comments instead of proper Lua `--` comment syntax.

**Before** (Incorrect - Nix comments in Lua):
```lua
# old config -- still need TODO FIX lazygit as example of perfect fonts
# config.font_size = 12.0
# config.font = wezterm.font_with_fallback({
#   \"MonoLisa Variable\",
#   \"Cartograph CF\",
#   \"GoMono Nerd Font Mono\"
# })
```

**After** (Correct - Lua comments):
```lua
 -- old config -- still need TODO FIX lazygit as example of perfect fonts
 -- config.font_size = 12.0
 -- config.font = wezterm.font_with_fallback({
 --   \"MonoLisa Variable\",
 --   \"Cartograph CF\",
 --   \"GoMono Nerd Font Mono\"
 -- })
```

### Why This Matters
While Nix string interpolation may have tolerated the incorrect comment syntax, this fix ensures:
1. **Proper Lua Syntax**: The embedded configuration follows correct Lua language conventions
2. **Editor Highlighting**: Syntax highlighting and LSP support work correctly for the Lua block
3. **Future Maintainability**: Eliminates confusion when editing embedded Lua configurations
4. **Best Practices**: Maintains clean language boundaries in polyglot configuration files

---

## System Status

**Build Result**: Clean success with no warnings or errors  
**Generation Active**: 122  
**Configuration State**: All modules loaded successfully  

### Legacy Configuration Notes
The commented-out configuration block contains a TODO reference for LazyGit font configuration as an example of "perfect fonts". This legacy configuration used:
- Font size: 12.0 (vs current 15.0)
- Font fallback chain: MonoLisa Variable → Cartograph CF → GoMono Nerd Font Mono

Current active configuration maintains the same fallback pattern but uses "MonoLisa Mono" instead of "MonoLisa Variable".

---

## Engineering Assessment

**Quality**: ✅ Excellent  
**Performance**: ✅ Fast rebuild (16s)  
**Stability**: ✅ No issues detected  

### Observations
This is a textbook example of maintaining clean syntax boundaries in Nix configurations that embed other languages. The fix improves code quality without changing runtime behavior, and the quick rebuild time (16 seconds) indicates efficient home-manager evaluation and build caching.

### Recommendations
- ✅ Configuration syntax now follows proper language conventions
- 📝 Consider addressing the TODO comment about LazyGit font configuration when time permits
- 📝 The font size increase from 12.0 → 15.0 appears to be an intentional accessibility improvement

---

## Technical Metadata

```
Host: merlin
Flake: /home/gig/.dotfiles
Generation: 122
Build Duration: 16s
Configuration Changes: 1 file
Git Diff Lines: +8/-8
Impact Scope: Terminal emulator (WezTerm) configuration
Risk Level: Minimal (syntax correction only)
```

---

**Chief Engineer's Signature**: Montgomery Scott  
**Timestamp**: 2026-02-03  
**Vessel**: USS Merlin (NCC-MERLIN)

---

*"Aye, the warp core's purrin' like a kitten now, Captain. Proper Lua comments make all the difference when ye're debugging terminal configurations at three in the mornin'!"*
