================================================================================
CHIEF ENGINEER'S LOG - STARDATE 2025.12.23
CLASSIFICATION: CAPTAIN'S REPORT (Auto-display via bat command)
================================================================================

SUCCESSFUL NIXOS-REBUILD OPERATION - MERLIN SYSTEM

FLEET VESSEL: merlin
OPERATION TYPE: nixos-rebuild switch  
RESULT: SUCCESS - Clean generation advancement
BUILD DURATION: 29 seconds (excellent performance)
CONFIGURATION STATUS: No changes detected since last rebuild

TECHNICAL DETAILS:
• Generation Advancement: 92 → 93
• Build Performance: 29 seconds (well within acceptable parameters)
• Configuration Analysis: No configuration files modified since last rebuild
• System Changes: No configuration changes detected
• Operation Status: Successful completion with clean advancement

ENGINEERING ASSESSMENT:
This rebuild represents a clean maintenance operation - likely triggered for
system verification or routine maintenance rather than configuration changes.
The 29-second build time indicates excellent system performance with minimal
compilation requirements, consistent with no configuration modifications.

FLEET IMPLICATIONS:
• Merlin system remains stable and responsive
• No synchronization required with other fleet vessels (ganoslal, mganos, wsl)
• System generation tracking maintaining proper progression
• Build cache performing optimally for minimal-change rebuilds

PERFORMANCE METRICS:
• Build Duration: 29 seconds (optimal for no-change rebuild)
• System Responsiveness: Excellent
• Generation Management: Clean progression maintained
• Resource Utilization: Minimal (appropriate for maintenance rebuild)

ENGINEERING RECOMMENDATIONS:
• Continue routine maintenance rebuild schedule
• Monitor for any upcoming configuration changes requiring fleet synchronization
• System performing within excellent operational parameters

OPERATIONAL STATUS: ✓ SUCCESSFUL
The Merlin system continues to operate at peak efficiency. No further action
required at this time.

                                     Montgomery Scott, Chief Engineer
================================================================================
