================================================================================
CHIEF ENGINEER'S LOG - STARDATE 2025.12.08 (AUTOMATED)
================================================================================

[2025-12-08 12:27:41] ★ CAPTAIN'S REPORT ★ BUILD COMPLETE
Home-manager rebuild completed completed in Home-manager rebuild completed successfully at Mon Dec  8 12:27:41 PM EST 2025s (success: , generation: )
[2025-12-08 16:01:38] ★ CAPTAIN'S REPORT ★ BUILD COMPLETE
Home-manager rebuild completed@merlins-windows completed in Home-manager rebuild completed successfully at Mon Dec  8 04:01:38 PM EST 2025s (success: , generation: )
[2025-12-08 16:10:16] ★ CAPTAIN'S REPORT ★ BUILD COMPLETE
Home-manager rebuild completed@merlins-windows completed in Home-manager rebuild completed successfully at Mon Dec  8 04:10:16 PM EST 2025s (success: , generation: )
[2025-12-08 16:16:32] BUILD START
Starting Event: build-start@merlins-windows
[2025-12-08 16:40:09] BUILD START
Starting Event: build-start@merlins-windows
[2025-12-08 16:41:01] BUILD START
Starting Event: build-start@merlins-windows
[2025-12-08 16:41:11] ★ CAPTAIN'S REPORT ★ BUILD ERROR
Event: build-error@merlins-windows failed: nixos-rebuild-wsl@merlins-windows 

[2025-12-08 16:45:50] BUILD START
Starting Event: build-start@merlins-windows
[2025-12-08 16:56:20] ★ CAPTAIN'S REPORT ★ BUILD COMPLETE
nixos-rebuild-wsl@merlins-windows@merlins-windows completed in 630s (success: true, generation: 41)
[2025-12-08 16:56:22] UNKNOWN EVENT
git-operation: Git Commit Committed changes: System rebuild completed successfully
[2025-12-08 16:58:16] ★ CAPTAIN'S REPORT ★ BUILD COMPLETE
Home-manager rebuild completed@merlins-windows completed in Home-manager rebuild completed successfully at Mon Dec  8 04:58:16 PM EST 2025s (success: , generation: )

[2025-12-08 17:05:41] BUILD START
Starting Event: build-start@merlins-windows
[2025-12-08 17:06:05] ★ CAPTAIN'S REPORT ★ BUILD COMPLETE
nixos-rebuild-wsl@merlins-windows@merlins-windows completed in 25s (success: true, generation: 41)
[2025-12-08 17:10:17] BUILD START
Starting Event: build-start@merlins-windows

