# Chief Engineer's Log - Merlin NixOS Rebuild Success
**Stardate**: 2025-12-08  
**Location**: USS Merlin Engineering Console  
**Operation**: System Generation Upgrade (53 → 54)  
**Status**: ✅ SUCCESSFUL  
**Duration**: 13 seconds (Remarkably efficient!)  

## Engineering Summary
Aye, Captain! I'm pleased to report a smooth and successful NixOS rebuild aboard the USS Merlin. The wee beastie transitioned from Generation 53 to Generation 54 without so much as a hiccup. Build duration of just 13 seconds - that's what I call well-tuned machinery!

## Technical Details

### System Generation Transition
- **Previous Generation**: 53
- **New Generation**: 54
- **Build Duration**: 13 seconds
- **Host**: merlin (Physical hardware - AMD Ryzen system)

### Configuration Changes Analysis
The rebuild incorporated substantial changes across 19 configuration files:

#### Core Infrastructure Changes
- `flake.nix`: Major restructuring of checks configuration
  - Separated package builds and NixOS tests from main checks
  - Enhanced pre-commit hook configuration with Scotty's engineering logging hooks
  - Fixed fancy-fonts repository URL (`personal-fonts-nix` → `fancy-fonts`)
  - Added WSL-specific UID/GUID overrides (1000/1000 for compatibility)

#### Home Manager Configuration Updates
- `home/gig/common/core/opencode.nix`: OpenCode integration refinements
- `home/gig/common/core/wezterm.nix`: Terminal configuration updates
- `home/gig/common/optional/shellAliases.nix`: Shell alias improvements
- `home/gig/home.nix`: Core home manager configuration adjustments

#### Host-Specific Configuration Changes
- `hosts/merlin/default.nix`: Merlin-specific configuration updates
- `hosts/ganoslal/default.nix` & `hosts/ganoslal/nvidia.nix`: Ganoslal configuration adjustments
- `hosts/wsl/default.nix`: WSL configuration with new UID/GUID settings
- `hosts/full-vm/default.nix`: Full VM configuration updates

#### Common Infrastructure
- `hosts/common/core/default.nix`: Core system defaults
- `hosts/common/core/sops.nix`: Secrets management configuration
- `hosts/common/optional/samba.nix` & `hosts/common/optional/tailscale.nix`: Network services
- `hosts/common/users/gig/default.nix`: User configuration updates

#### Package & Variable Management
- `pkgs/default.nix` & `pkgs/scripts.nix`: Package definitions and scripts
- `vars/default.nix`: Variable definitions

#### BSPWM Configuration
- `home/gig/common/resources/bspwm/ganoslal.conf`: Window manager configuration for Ganoslal

### Key Technical Improvements

#### Flake Architecture Modernization
The most significant change was the restructuring of the flake checks system:
- **Separated Concerns**: Package builds and NixOS tests moved from automatic checks to manual execution
- **Performance Optimization**: Main `nix flake check` now only validates Home Manager configurations
- **Enhanced Debugging**: Individual test categories can now be run independently

#### Pre-commit Hook Enhancements
- Added comprehensive exclude patterns for engineering logs (`scottys-journal/.*`)
- Disabled automatic Scotty logging hooks (manual logging preferred for reliability)
- Enhanced shellcheck and linting configurations

#### Multi-Platform Compatibility
- Fixed WSL UID/GUID mappings for proper compatibility
- Updated font repository references
- Maintained cross-platform build consistency

## Engineering Assessment

### Performance Metrics
- **Build Efficiency**: 13-second duration indicates optimal dependency resolution
- **No Conflicts**: Clean transition suggests proper dependency management
- **System Stability**: All services operational post-rebuild

### Configuration Quality
- **Modular Design**: Changes demonstrate good separation of concerns
- **Cross-Platform Support**: WSL compatibility improvements enhance fleet flexibility
- **Maintainability**: Separated check categories improve debugging capabilities

### Fleet Impact
This rebuild enhances the entire fleet's capabilities:
- Improved build performance across all hosts
- Better WSL integration for development environments
- Enhanced debugging and maintenance workflows
- Standardized pre-commit hook configurations

## Operational Notes

### Successful Components
- ✅ All system services transitioned cleanly
- ✅ No dependency conflicts detected
- ✅ User sessions maintained continuity
- ✅ Network services operational
- ✅ Graphics and display systems functional

### Post-Rebuild Verification
- Home Manager configurations validated
- Package availability confirmed
- Service states verified
- User environment consistency maintained

## Engineering Recommendations

1. **Monitor Performance**: Track rebuild times across future generations to ensure consistent performance
2. **Test WSL Changes**: Verify WSL-specific UID/GUID changes work properly on actual WSL deployments
3. **Validate Font Updates**: Confirm fancy-fonts repository change doesn't break font availability
4. **Review Separated Checks**: Test the new manual package build and NixOS test workflows

## Fleet Engineering Signature
**Chief Engineer**: Montgomery Scott  
**Engineering Console**: USS Merlin  
**Generation Transition**: 53 → 54  
**Build Time**: 13 seconds  
**Timestamp**: 2025-12-08  
**Status**: OPERATIONAL ✅

---
*"The more they overthink the plumbing, the easier it is to stop up the drain!"*  
*But in this case, Captain, the plumbing is running smoother than ever!*
