================================================================================
CHIEF ENGINEER'S LOG - STARDATE 2025.12.16 (AUTOMATED)
================================================================================

[2025-12-16 07:36:45] BUILD START
Starting nixos-rebuild-wsl@ganoslal@ganoslal

[2025-12-16 07:37:12] ★ CAPTAIN'S REPORT ★ BUILD COMPLETE
nixos-rebuild-wsl@ganoslal@ganoslal completed in 26s (success: true, generation: 163)
[2025-12-16 07:45:26] BUILD START
Starting nixos-rebuild-wsl@ganoslal@ganoslal

[2025-12-16 07:45:51] ★ CAPTAIN'S REPORT ★ BUILD COMPLETE
nixos-rebuild-wsl@ganoslal@ganoslal completed in 26s (success: true, generation: 163)
[2025-12-16 08:32:15] BUILD START
Starting nixos-rebuild-wsl@ganoslal@ganoslal

[2025-12-16 08:32:40] ★ CAPTAIN'S REPORT ★ BUILD COMPLETE
nixos-rebuild-wsl@ganoslal@ganoslal completed in 26s (success: true, generation: 163)
[2025-12-16 04:46:32] BUILD START
Starting nixos-rebuild-wsl@ganoslal@ganoslal

[2025-12-16 04:47:06] ★ CAPTAIN'S REPORT ★ BUILD ERROR
nixos-rebuild-wsl@ganoslal@ganoslal failed: Failed to reload home-gig-mnt-utility.automount: Job type reload is not applicable for unit home-gig-mnt-utility.automount. Failed to reload home-gig-mnt-virtualization\x2dboot\x2dfiles.automount: Job type reload is not applicable for unit home-gig-mnt-virtualization\x2dboot\x2dfiles.automount. Failed to reload home-gig-mnt-vulcan.automount: Job type reload is not applicable for unit home-gig-mnt-vulcan.automount. the following new units were started: sysinit-reactivation.target, systemd-tmpfiles-resetup.service Command 'systemd-run -E LOCALE_ARCHIVE -E NIXOS_INSTALL_BOOTLOADER --collect --no-ask-password --pipe --quiet --service-type=exec --unit=nixos-rebuild-switch-to-configuration /nix/store/xfqk418bz8xyl2d0x7v8nhdcn874wcpp-nixos-system-nixos-25.11.20251122.050e09e/bin/switch-to-configuration switch' returned non-zero exit status 4. 

[2025-12-16 05:19:44] BUILD START
Starting nixos-rebuild-wsl@ganoslal@ganoslal

[2025-12-16 05:20:23] ★ CAPTAIN'S REPORT ★ BUILD COMPLETE
nixos-rebuild-wsl@ganoslal@ganoslal completed in 39s (success: true, generation: 162)
