================================================================================
CHIEF ENGINEER'S CRITICAL FAILURE ANALYSIS - STARDATE 2025.12.16
================================================================================
CLASSIFICATION: CAPTAIN'S REPORT
INCIDENT TYPE: nixos-rebuild switch failure on wsl@ganoslal
BUILD DURATION: 35 seconds 
PREVIOUS GENERATION: 160
EXIT STATUS: 4 (Critical failure in switch-to-configuration phase)

CONFIGURATION CHANGES ATTEMPTED:
================================================================================
• flake.nix - Core flake configuration changes
• home/gig/common/core/opencode.nix - Agent configuration modifications
• home/gig/common/core/starship.nix - Shell prompt configuration
• home/gig/common/core/wezterm.nix - Terminal configuration
• home/gig/common/optional/bat.nix - Enhanced pager configuration
• home/gig/common/optional/shellAliases.nix - Shell alias modifications
• home/gig/home.nix - Home Manager main configuration
• home/gig/merlin.nix - Merlin host-specific configuration
• hosts/common/core/fonts.nix - Fleet-wide font configuration
• hosts/common/core/samba.nix - SMB/CIFS configuration
• hosts/common/optional/audio.nix - Audio system configuration
• hosts/common/optional/bluetooth.nix - Bluetooth subsystem
• hosts/common/users/gig/default.nix - User configuration changes
• hosts/merlin/default.nix - Merlin host configuration
• hosts/wsl/default.nix - WSL-specific configuration
• vars/default.nix - Variable definitions

TECHNICAL FAILURE ANALYSIS:
================================================================================
PRIMARY FAILURE: Systemd automount unit reload failures
AFFECTED UNITS:
• home-gig-mnt-utility.automount
• home-gig-mnt-virtualization\x2dboot\x2dfiles.automount  
• home-gig-mnt-vulcan.automount

ROOT CAUSE: "Job type reload is not applicable for unit [unit].automount"

ENGINEERING ASSESSMENT:
The failure occurred during the switch-to-configuration phase when systemd 
attempted to reload automount units. Automount units do not support the reload
operation - they must be stopped and started instead. This suggests:

1. systemd unit configuration changed in ways affecting mount points
2. WSL host-specific mount handling issues
3. Potential samba.nix configuration impact on automount behavior
4. Cross-contamination from merlin.nix changes applied to WSL environment

CRITICAL ENGINEERING CONCERN:
================================================================================
The extensive configuration changes span multiple domains:
- Core system configuration (fonts, samba, audio, bluetooth)
- Home Manager user environment changes  
- Host-specific configurations for both merlin AND wsl
- Cross-host configuration bleeding (merlin.nix affecting wsl)

This violates proper engineering isolation principles and suggests configuration
drift that could affect fleet stability.

IMMEDIATE TROUBLESHOOTING RECOMMENDATIONS:
================================================================================

1. SYSTEMD UNIT ANALYSIS:
   sudo systemctl status home-gig-mnt-utility.automount
   sudo systemctl status home-gig-mnt-virtualization\\x2dboot\\x2dfiles.automount
   sudo systemctl status home-gig-mnt-vulcan.automount
   
   Check if units exist and their current state. WSL may not need these mounts.

2. WSL-SPECIFIC CONFIGURATION AUDIT:
   Review hosts/wsl/default.nix for inappropriate mount configurations
   Verify samba.nix changes don't conflict with WSL limitations
   Check if physical host mount points are being applied to WSL

3. CONFIGURATION ISOLATION REPAIR:
   # Separate WSL configuration from physical host configs
   git diff HEAD~1 hosts/wsl/default.nix
   git diff HEAD~1 hosts/common/core/samba.nix
   
   Remove any physical host mount references from WSL config

4. INCREMENTAL REBUILD STRATEGY:
   # Test with minimal configuration first
   git stash
   nixos-rebuild switch --flake .#wsl  # Test base configuration
   git stash pop
   # Apply changes incrementally to isolate failure point

5. MOUNT POINT VERIFICATION:
   Check if /home/gig/mnt/* directories exist in WSL environment
   Verify automount unit files are appropriate for WSL context
   Review systemd.mounts and systemd.automounts in configuration

PREVENTIVE ENGINEERING MEASURES:
================================================================================

1. CONFIGURATION DOMAIN SEPARATION:
   - WSL configurations should be isolated from physical host configs
   - Mount-related configurations need WSL compatibility checks
   - Host-specific files should not cross-contaminate other hosts

2. REBUILD TESTING PROTOCOL:
   - Test configuration changes on target host before applying
   - Use nixos-rebuild build to verify before switch
   - Implement incremental change deployment for complex modifications

3. SYSTEMD UNIT SAFETY:
   - Verify unit compatibility with target environment
   - Check automount vs mount unit types for WSL limitations
   - Test systemd service changes in isolated environment first

FLEET OPERATIONAL IMPACT:
================================================================================
• Generation 160 remains active (safe fallback available)
• WSL environment potentially unstable until resolution
• Configuration drift risk affects other fleet hosts
• Need immediate resolution before fleet-wide synchronization

ENGINEERING PRIORITY: URGENT
Captain, this failure pattern suggests deeper configuration management issues
that could propagate across the fleet. Recommend immediate investigation
and corrective action before attempting further system modifications.

                                     Montgomery Scott, Chief Engineer
================================================================================
NEXT ACTIONS: Await Captain's directive on troubleshooting approach
ESTIMATED REPAIR TIME: 2-4 hours depending on configuration complexity
CONFIDENCE LEVEL: High - Standard systemd mount configuration issue
================================================================================
