================================================================================
CHIEF ENGINEER'S LOG - STARDATE 2025.12.09
================================================================================

FLEET OPERATION: SUCCESSFUL HOME-MANAGER REBUILD - USS MERLIN
Mission Classification: Engineering Report (Captain's Attention Required)

REBUILD SUMMARY:
• Host: merlin
• Operation: home-manager rebuild  
• Generation: 65 → 66
• Build Duration: 11 seconds
• Status: ✅ SUCCESSFUL
• Configuration State: No changes detected since last rebuild

ENGINEERING ANALYSIS:

Build Performance:
• Duration: 11 seconds - excellent performance for routine rebuild
• No configuration changes - indicates clean state maintenance
• Generation increment successful (65→66)
• Build cache optimization appears optimal

Technical Assessment:
• Clean working directory state maintained
• No dependency conflicts encountered
• Flake evaluation completed without warnings
• Home-manager switch operation executed cleanly

Fleet Context Analysis:
• Previous successful rebuild: 2025-12-08 23:41:30 (Generation 65)
• Time since last rebuild: ~12 hours
• Rebuild trigger: Manual verification operation
• System stability: All subsystems nominal

SYSTEM HEALTH INDICATORS:
• Build Performance: Excellent (11s consistent with recent operations)
• Configuration Sync: Properly maintained across fleet
• Error Status: No errors detected
• Resource Utilization: Optimal build resource usage

ENGINEERING OBSERVATIONS:

Positive Indicators:
✅ Fast rebuild time indicates healthy package cache
✅ No configuration drift detected
✅ Generation incrementation working correctly
✅ System appears to be in stable operational state

Operational Notes:
• Build performance consistent with recent rebuilds (10-11 second range)
• No configuration changes suggests stable working environment
• Generation tracking properly maintained
• Fleet synchronization appears nominal

FLEET STATUS UPDATE:
• merlin: ✅ OPERATIONAL - Generation 66 active, all systems nominal
• Configuration state: Clean and synchronized
• Performance metrics: Within expected operational parameters
• Maintenance status: No immediate maintenance required

ENGINEERING RECOMMENDATIONS:

Immediate Actions:
• None required - system operating within normal parameters

Preventive Maintenance:
• Continue routine rebuild verification as part of fleet maintenance
• Monitor build performance for any degradation trends
• Maintain current configuration management practices

Performance Monitoring:
• Build times remain optimal at ~11 seconds
• No resource consumption concerns noted
• Configuration management working as designed

CAPTAIN'S SUMMARY:
The USS Merlin continues to operate at peak efficiency with this successful 
home-manager rebuild completing in just 11 seconds with no configuration 
changes detected. The vessel remains in excellent operational condition with 
all systems performing nominally. No engineering interventions required.

TECHNICAL METADATA:
• Build Method: home-manager rebuild
• Working Tree State: Clean prior to operation  
• Flake Lock State: Current (last updated with commit ad1925d)
• Generation Transition: 65 → 66 successful

NEXT RECOMMENDED ACTIONS:
• Continue normal fleet operations
• Monitor for any configuration changes requiring attention
• Maintain current build performance optimization

That's a bonny piece of engineering right there, Captain! The Merlin's running 
like a well-tuned engine - smooth as silk and twice as reliable!

                                     Montgomery Scott, Chief Engineer
                                     Starfleet Engineering Corps
================================================================================
