================================================================================
CHIEF ENGINEER'S LOG - STARDATE 2025.12.14 - 03:35:22
CLASSIFICATION: REPORT (Captain's Attention Required)
================================================================================

FLEET REBUILD STATUS REPORT - MERLIN SYSTEM

OPERATIONAL SUMMARY:
• HOST: merlin (secondary fleet vessel)
• OPERATION: home-manager rebuild
• STATUS: SUCCESSFUL
• GENERATION: 71 → 72 (advancement confirmed)
• BUILD DURATION: 11 seconds (excellent performance)

ENGINEERING ANALYSIS:
The merlin system rebuild completed successfully with optimal performance 
characteristics. Generation advancement from 71 to 72 indicates proper home-manager
state progression. The 11-second build duration represents efficient cache 
utilization and minimal configuration processing overhead.

CONFIGURATION ASSESSMENT:
• Configuration Status: No configuration files modified since last rebuild
• Change Detection: No configuration changes detected in working tree
• System State: Clean configuration state maintained
• Cache Efficiency: Excellent (11-second completion indicates optimal cache usage)

TECHNICAL OBSERVATIONS:
This rebuild appears to be a maintenance operation or verification build rather
than a configuration update. The absence of configuration changes combined with
successful generation advancement suggests proper system state synchronization.
Such rebuilds are valuable for:

1. Verifying system integrity after external package updates
2. Confirming cache coherency across fleet systems
3. Maintaining generation continuity in multi-host environment
4. Testing rebuild pipeline health

FLEET IMPLICATIONS:
• Merlin system operational status: EXCELLENT
• Home-manager configuration: SYNCHRONIZED
• Build performance: OPTIMAL
• System reliability: CONFIRMED

ENGINEERING RECOMMENDATIONS:
• Continue regular verification rebuilds to maintain system health
• Monitor build times across fleet for performance regression detection
• Document any future configuration synchronization requirements
• Maintain current cache optimization strategies

PERFORMANCE METRICS RECORDED:
• Build Duration: 11 seconds
• Generation Progress: 71 → 72
• Configuration Changes: None detected
• Cache Efficiency: Optimal

This successful rebuild demonstrates the reliability of our home-manager 
configuration across the fleet. The merlin system continues to operate at 
peak efficiency with excellent build performance characteristics.

                                     Montgomery Scott, Chief Engineer
================================================================================
