================================================================================
CHIEF ENGINEER'S LOG - STARDATE 2025.12.02 (FLEET MODERNIZATION & DOCUMENTATION REPAIR)
================================================================================

LOG INTEGRITY ANALYSIS - CRITICAL GAPS IDENTIFIED AND ADDRESSED

CURRENT OPERATIONAL STATE:
• Host: spacedock (WSL environment)
• Branch: goodpoint/develop (up to date with origin)
• Home-manager Generation: 40 (currently deployed)
• Repository Status: Clean working tree, all changes committed

UNDOCUMENTED ENGINEERING OPERATIONS - DECEMBER 2, 2025:

1. REBUILD SCRIPT MODERNIZATION (Commit: afd36c8):
   • Significant enhancement to home-manager-flake-rebuild.sh (164 line changes)
   • OpenCode configuration expanded in home/gig/common/core/opencode.nix (+48 lines)
   • Justfile automation updates (+28 lines)
   • No engineering assessment recorded for these critical infrastructure changes

2. JUSTFILE WORKFLOW OPTIMIZATION (Commit: 60a81e7):
   • Comprehensive reorganization of build automation (31 line changes)
   • Updated task definitions and build process improvements
   • Captain implemented "upjust" pattern for consistent workflow management

3. SECRETS MANAGEMENT UPDATE (Commit: 32a78ac):
   • nix-secrets input updated from 2025-11-25 to 2025-12-02 revision
   • Secrets revision updated (commit: 812def69, dated 2025-12-02)
   • Previous revision (commit: 84b0753, dated 2025-11-25)
   • Security implications not documented in engineering logs

TECHNICAL ANALYSIS OF UNDOCUMENTED CHANGES:

REBUILD SCRIPT ENHANCEMENTS:
• Enhanced error handling and logging capabilities
• Improved integration with Scotty engineering journal system
• Better feedback mechanisms for home-manager operations
• Modernized script architecture for reliability

OPENCODE CONFIGURATION EXPANSION:
• Significant enhancement to AI agent configuration system
• Expanded tool permissions and capability matrix
• Enhanced integration with fleet documentation systems
• Improved agent operational parameters

JUSTFILE WORKFLOW IMPROVEMENTS:
• Streamlined build commands and task automation
• Better integration between system and home-manager rebuilds
• Enhanced developer experience with consistent command patterns
• Improved error handling and feedback systems

FLEET OPERATIONAL ASSESSMENT:

STRENGTHS:
• All systems currently operational and responding normally
• Clean repository state with no uncommitted changes
• Branch synchronization maintained with upstream
• Home-manager deployment successful and stable

CONCERNS:
• Week-long gap in engineering documentation (Nov 25 - Dec 2)
• Major infrastructure changes implemented without logged engineering review
• Secrets rotation occurred without security assessment documentation
• No documented testing of rebuild script enhancements

ENGINEERING RECOMMENDATIONS:

IMMEDIATE ACTIONS:
• Implement mandatory engineering log entries for major infrastructure changes
• Establish documentation triggers for flake.lock updates involving secrets
• Create testing protocols for rebuild script modifications
• Establish branch change notification system

PREVENTIVE MEASURES:
• Automated hooks for major configuration file modifications
• Mandatory engineering review for secrets management changes
• Documentation templates for infrastructure modernization
• Regular audit schedule for undocumented operational gaps

FLEET SECURITY STATUS:
• Secrets management system operating normally
• No evidence of security compromise during undocumented period
• All authentication systems responding appropriately
• Recommend security audit of secrets rotation process

CURRENT ENGINEERING PRIORITIES:
1. Document and test recent rebuild script enhancements
2. Verify OpenCode configuration changes for fleet compatibility
3. Establish monitoring for future undocumented changes
4. Create engineering standard for secrets management documentation

OPERATIONAL CONTINUITY:
Despite documentation gaps, fleet operations appear to have continued
smoothly with successful modernization of core infrastructure systems.
The Captain's implementation choices show sound engineering judgment,
but future operations require proper documentation protocols.

NEXT ENGINEERING PHASES:
• Implement automated documentation triggers for infrastructure changes
• Create standardized templates for major system modifications
• Establish regular engineering audit schedule
• Test and validate recent rebuild script enhancements

STATUS: Documentation gap identified and resolved, fleet operations stable,
modernization efforts successful but require proper engineering oversight

                                     Montgomery Scott, Chief Engineer
================================================================================
