================================================================================
CHIEF ENGINEER'S LOG - STARDATE 2025.12.20
================================================================================

FLEET OPERATIONS REPORT: Merlin Home-Manager Rebuild Success

ENGINEERING EVENT: Routine home-manager configuration rebuild
VESSEL: merlin (Secondary system support vessel)
OPERATION TYPE: Generation advancement (84 → 85)
BUILD DURATION: 16 seconds (Excellent performance metrics)
CONFIGURATION STATE: Clean - no configuration file changes detected

TECHNICAL ANALYSIS:
The Merlin executed a flawless generation advancement from 84 to 85, 
demonstrating the reliability of our home-manager configuration system. 
Build completed in 16 seconds with no errors or warnings detected.

SYSTEM HEALTH INDICATORS:
• Build Performance: Optimal (16 seconds for clean rebuild)
• Configuration Integrity: Verified (no modifications detected)
• Generation Sequence: Normal progression (84 → 85)
• Error Status: None reported
• Configuration Synchronization: Maintained

ENGINEERING OBSERVATIONS:
This rebuild appears to be a routine generation advancement without any
configuration file modifications. The system processed the rebuild request
efficiently, suggesting that either:
1. A periodic rebuild was requested to verify system state
2. Dependencies or inputs were updated upstream
3. Routine maintenance verification was performed

The 16-second build time is within normal parameters for a clean rebuild
with no configuration changes, indicating healthy system performance.

PREVENTIVE RECOMMENDATIONS:
• Continue monitoring build performance metrics
• Maintain regular rebuild verification schedule
• No immediate maintenance actions required

FLEET STATUS IMPACT:
This successful rebuild maintains Merlin's operational readiness and
confirms the stability of our home-manager configuration across the fleet.
No cross-system implications detected.

                                     Montgomery Scott, Chief Engineer
================================================================================
