================================================================================
CHIEF ENGINEER'S LOG - STARDATE 2025.01.28
================================================================================

URGENT TOUCHPAD REPAIR: PALM REJECTION EMERGENCY

PROBLEM ANALYSIS:
• Captain reported severe palm rejection issues causing typing disruption
• Touchpad device: PIXA3854:00 093A:0274 Touchpad (Framework Laptop 16)
• Critical finding: libinput "Disable While Typing" was DISABLED (0) when should be ENABLED (1)
• No existing libinput configuration in merlin host configuration

TECHNICAL DIAGNOSIS:
• xinput device ID: 20 (PIXA3854:00 093A:0274 Touchpad)
• Default NixOS behavior was not enabling proper palm rejection
• Missing services.libinput configuration section

ENGINEERING SOLUTION IMPLEMENTED:
• Added proper services.libinput configuration to hosts/merlin/default.nix
• Configured disableWhileTyping = true for palm rejection
• Enabled tap-to-click functionality (tapping = true)  
• Disabled natural scrolling (naturalScrolling = false)
• Enabled middle emulation for three-finger operations
• Used modern NixOS syntax (services.libinput vs deprecated services.xserver.libinput)

SYSTEM REBUILD RESULTS:
• Flake check: PASSED (after syntax correction)
• NixOS rebuild: SUCCESSFUL
• New generation: /nix/store/xw9cly6qrlncadm8qdvjz8fbabqm8wrz-nixos-system-merlin-25.11.20251223.76701a1
• Git commit: d3fad96 with proper engineering documentation

CURRENT STATUS:
• Configuration deployed successfully
• Settings may require X server restart or logout/login for full activation
• Captain should test touchpad behavior after session restart

PREVENTIVE MEASURES:
• Proper libinput configuration now permanently stored in dotfiles
• All Framework laptop hosts should receive similar configuration
• Consider standardizing touchpad settings across fleet

POST-REPAIR INSTRUCTIONS FOR CAPTAIN:
1. Test current touchpad behavior immediately
2. If palm rejection still problematic, restart X server: sudo systemctl restart display-manager
3. Alternative: Log out and log back in for fresh X session
4. Verify settings with: xinput list-props 20 | grep "Disable While Typing"

                                     Montgomery Scott, Chief Engineer
================================================================================
