================================================================================
ENGINEERING UPDATE - STARDATE 2025.11.25 (PRE-COMMIT OPTIMIZATION)
================================================================================

CONFIGURATION ENHANCEMENT COMPLETED:

PRE-COMMIT HOOK OPTIMIZATION:
• Modified flake.nix pre-commit configuration
• Added scottys-journal/.* excludes to formatting and linting hooks:
  - nixfmt-rfc-style: Skip engineering logs
  - statix: Skip nix linting on logs  
  - deadnix: Skip dead code detection on logs
  - shellcheck: Skip shell script analysis on logs
  - yamllint: Skip YAML linting on logs
• Preserved end-of-file-fixer: Maintains proper file formatting

ENGINEERING RATIONALE:
Engineering logs are narrative documentation, not code. They should
maintain natural formatting for readability while ensuring proper
file structure (newlines, basic formatting).

OPERATIONAL NOTES:
- Pre-commit hooks require nix develop environment to access executables
- Configuration will take effect on next development shell activation
- Engineering documentation can now be written naturally without lint interference
- End-of-file formatting still maintained for consistency

FLEET STATUS:
Pre-commit configuration optimized for engineering workflow efficiency.

                                     Montgomery Scott, Chief Engineer
================================================================================
