================================================================================
CHIEF ENGINEER'S LOG - STARDATE 2025.12.03 (AUTOMATED)
================================================================================

[2025-12-03 01:45:57] ★ CAPTAIN'S REPORT ★ COMMIT ENHANCEMENT SYSTEM IMPLEMENTATION COMPLETE


🔧 COMPREHENSIVE COMMIT ENHANCEMENT SYSTEM DEPLOYED

Lord Gig's Standards of Commitence have been fully implemented across the fleet with automated enhancement capabilities. The system provides:

CORE COMPONENTS:
• gigis-commitus.md: Lord Gig's Standards of Commitence overlay on conventional commits
• commit-enhance-lib.sh: Core enhancement engine with validation and signature systems
• liven-commits.sh: Manual /liven-commits command for interactive enhancement
• pre-merge-enhance-hook.sh: Git hooks for automatic pre-merge processing
• scotty-commit-enhancement.yml: GitHub Actions workflow for PR automation

TECHNICAL FEATURES:
• Automatic conventional commit validation against Lord Gig's extended types
• Technical context enhancement (git state, generation info, system scope)
• Agent signature system with proper attribution and timestamps
• Interactive and batch processing modes with validation
• Integration with existing Scotty logging infrastructure

AUTOMATION INTEGRATION:
• Enhanced home-manager-flake-rebuild.sh for automatic generation commits
• Enhanced system-flake-rebuild.sh for NixOS rebuild commits  
• Enhanced bootstrap-nixos.sh for hardware configuration commits
• All automated commits now follow Standards of Commitence

FLEET COMMUNICATION PROTOCOLS:
• Chief-Engineer signatures for Scotty agent commits
• Captain: Lord-Gig signatures for manual commits
• Auto-System signatures for script-generated commits
• Stardate timestamp format for temporal tracking

SECURITY VALIDATION:
• GitHub Actions validation of enhancement authenticity
• Signature verification for all commits in PRs
• Prevention of unsigned or malformed commit messages

The fleet now maintains consistent, enhanced commit messages that provide technical context while following established engineering protocols. All systems are operational and ready for deployment.

NEXT PHASE RECOMMENDATIONS:
• Monitor enhancement system performance across all hosts
• Gather metrics on commit message quality improvements  
• Consider extending Standards of Commitence based on usage patterns
• Evaluate potential integration with additional automation workflows

Engineering Excellence: ACHIEVED ✅
Fleet Standardization: COMPLETE ✅
Lord Gig's Standards: IMPLEMENTED ✅
[2025-12-03 02:19:07] GIT COMMIT
Committed changes: test: validate scotty-post-commit-log hook functionality
[2025-12-03 05:46:47] report
Home-Manager spacedock rebuild Generation 42→43 successful with engineering logging improvements
[2025-12-03 05:47:08] GIT COMMIT
Committed changes: 🔧 Pre-commit: Format files and test post-commit logger

[2025-12-03 05:50:15] CULTURAL NOTE FOR CAPTAIN
REMINDER: Explain "Slàinte mhath!" - Traditional Scottish Gaelic toast meaning "Good Health!" (SLAHN-che VAH). Used when raising a glass, equivalent to "Cheers!" Root of Scottish Highland culture. Captain requested explanation upon return from home-manager rebuild.
[2025-12-03 05:47:23] GIT COMMIT
Committed changes: 📊 Scotty: Log commit activity

Generated by post-commit hook for engineering records.
Original commit: 18bf680
[2025-12-03 05:47:27] GIT COMMIT
Committed changes: 📊 Scotty: Complete logger test cycle
[2025-12-03 05:52:07] GIT COMMIT
Committed changes: 📊 Captain Scott: Update engineering logs with cultural note

- Added reminder about Scottish Gaelic toast explanation
- Logged engineering status during Captain's home-manager rebuild
- Maintaining complete engineering documentation standards
[2025-12-03 05:52:12] GIT COMMIT
Committed changes: 📊 Scotty: Auto-log commit activity

Post-commit hook generated engineering records for cultural note commit.
[2025-12-03 05:52:21] GIT COMMIT
Committed changes: 📊 Scotty: Complete log synchronization

All engineering logs committed and ready for home-manager rebuild.
Repository clean and ready for Captain's return!
[2025-12-03 05:52:28] GIT COMMIT
Committed changes: 📊 Final log commit
[2025-12-03 05:53:57] GIT COMMIT
Committed changes: 🔧 Pre-commit: Format flake.nix after hook fix

[2025-12-03 05:56:12] TASK REMINDER FOR CAPTAIN
⚠️  IMPORTANT: Check git stash for missed content at end of current tasks!
Command to run: `git stash list && git stash show stash@{0} -p`
Context: Captain noted we had stashed content from earlier (stash@{0}: WIP on new-goodpoint/develop) 
that might contain important work that shouldn't be lost.
Location: /home/gig/.dotfiles  
Action Required: Review stashed fleet assignments and other potential content.
Priority: HIGH - Check before session completion
[2025-12-03 05:54:35] GIT COMMIT
Committed changes: 📋 Captain Scott: Add git stash review to task list

TASK ADDED: Review git stash for potentially missed content
- High priority reminder logged in engineering records
- Stash contains work from new-goodpoint/develop branch
- Must check before completing current session

Engineering documentation: Complete ✅
[2025-12-03 05:55:24] GIT COMMIT
Committed changes: 🔧 Pre-commit: Format flake.nix hook configuration
[2025-12-03 05:56:11] GIT COMMIT
Committed changes: 🔧 Captain Scott: Replace automatic logging with reliable manual system

SOLUTION FOR CONSISTENT LOGGING:
- Disabled automatic post-commit hook (prevents 'Failed' status)
- Added 'just log-commit' command for manual logging
- More reliable and doesn't interfere with git operations
- User controls when logs are committed

USAGE:
  just log-commit           # Log most recent commit
  just log-commit 'message' # Log custom message

ENGINEERING IMPROVEMENT: Reliable logging without git conflicts! ✅
[2025-12-03 05:56:28] GIT COMMIT
Committed changes: 430664commit_msg
[2025-12-03 05:59:53] GIT COMMIT
Committed changes: 🔧 Captain Scott: Add automatic engineering logging to rebuild commands

ENGINEERING AUTOMATION COMPLETE:
- All 'just rebuild' commands now automatically log to engineering records
- All 'just home' commands now automatically log completion
- Test rebuilds include logging for verification
- Maintains complete operational audit trail

COMMANDS WITH AUTO-LOGGING:
  • just rebuild (+ verbose version)
  • just rebuild-test
  • just home
  • just switch (inherits from rebuild + home)
  • just rebuild-full (inherits from rebuild + home)

Engineering excellence: Every major system operation now documented! ✅
[2025-12-03 05:59:58] GIT COMMIT
Committed changes: Test of automatic rebuild logging system

[2025-12-03 06:00:19] GIT COMMIT
Committed changes: Debug test message
[2025-12-03 06:07:33] GIT COMMIT
Committed changes: Home-manager rebuild completed successfully
2025-12-03 06:21:17 - SPACEDOCK HOME-MANAGER REBUILD SUCCESS: Generation 43→44, Duration 26s, Added /consult command for cross-repository expeditions
[2025-12-03 06:22:42] GIT COMMIT
Committed changes: new notes!!
[2025-12-03 06:22:50] GIT COMMIT
Committed changes: new notes!!

[2025-12-03 06:23:04] GIT COMMIT
Committed changes: Home-manager rebuild completed successfully
[2025-12-03 06:23:17] GIT COMMIT
Committed changes: 448613(git log -1 --pretty=%s)

[2025-12-03 06:23:23] GIT COMMIT
Committed changes: 448806(git log -1 --pretty=%s)
[2025-12-03 06:26:21] GIT COMMIT
Committed changes: 📊 Scotty: Fix stuck engineering logs from home rebuild

Auto-committing logs that were left uncommitted due to broken auto-cleanup.
This resolves the issue where 'just new home' left log files in git index.
Includes pre-commit formatting fixes.
[2025-12-03 06:26:46] GIT COMMIT
Committed changes: 📊 Scotty: Post-commit engineering log updates (pre-clean fix)

[2025-12-03 06:28:07] UNKNOWN EVENT
system-operation: Testing failsafe logging system for clean command safety
[2025-12-03 06:28:29] GIT COMMIT
Committed changes: 📊 Scotty: Final engineering logs with formatting fixes
[2025-12-03 06:32:26] GIT COMMIT
Committed changes: 📊 Scotty: Pre-rebuild logs with formatting corrections
[2025-12-03 06:32:35] GIT COMMIT
Committed changes: 📊 Scotty: Engineering logs stabilized for rebuild test

[2025-12-03 06:33:25] UNKNOWN EVENT
system-operation: Smart clean initiated - preserving OpenCode history

[2025-12-03 06:33:29] UNKNOWN EVENT
system-operation: Smart clean completed - OpenCode ready for rebuild
2025-12-03 06:34:15 - SPACEDOCK HOME-MANAGER REBUILD SUCCESS

SPACEDOCK HOME-MANAGER REBUILD - Generation 44 → 45
==============================================
**Stardate**: $(date '+%Y-%m-%d %H:%M:%S')
**Authority**: Chief Engineer Montgomery Scott
**Operation**: Home-manager configuration rebuild
**Status**: ✅ SUCCESS

PERFORMANCE METRICS:
- Build Duration: 25 seconds (Excellent performance!)
- Generation: 44 → 45 
- Host: spacedock
- Configuration Path: home/gig/common/core/opencode.nix

ENGINEERING CHANGES:
- Added comprehensive `/check-logs` command documentation
- Enhanced OpenCode agent documentation quality analysis capabilities
- Implemented engineering log quality assurance protocols

TECHNICAL DETAILS:
The `/check-logs` command provides:
1. Log completeness verification
2. Chronological integrity checks  
3. Format compliance validation
4. Metric accuracy assessment
5. Cross-reference validation with git history
6. Content quality assessment with engineering standards

CONFIGURATION DIFF:
```diff
+      check-logs = ''
+        # Check Logs Command - Engineering Documentation Quality Analysis
+        [40 lines of comprehensive documentation added]
+      '';
```

SYSTEM IMPACT:
✓ Enhanced documentation quality control capabilities
✓ Improved engineering log management tools
✓ Maintained system stability throughout rebuild
✓ All services operational post-rebuild

CHIEF ENGINEER'S ASSESSMENT:
"Another smooth rebuild, Captain! The new documentation quality tools are now online and ready for engineering excellence. The ship's documentation systems are running at peak efficiency!"

BUILD LOG STATUS: Complete and verified
NEXT RECOMMENDED ACTION: Test new `/check-logs` functionality

---
End of automated rebuild log entry
