STARDATE: 2025-01-28
CHIEF ENGINEER'S LOG: MERLIN HOME-MANAGER REBUILD - FILE MANAGERS & TOUCHPAD CONFIGURATION
======================================================================================

OPERATIONAL STATUS: SUCCESSFUL REBUILD COMPLETION
Generation: 114 → 115
Build Duration: 14 seconds (excellent performance!)
Host: merlin
Rebuild Type: home-manager

ENGINEERING SUMMARY:
==================
This rebuild successfully integrated comprehensive vim-style file manager collection and enhanced touchpad configuration for the Merlin workstation. All systems nominal after rebuild completion.

CONFIGURATION CHANGES IMPLEMENTED:
=================================

1. NEW FILE MANAGERS COLLECTION (home/gig/common/core/file-managers.nix)
   - Created comprehensive vim-keybinding file managers package
   - Includes ranger (feature-rich, three-pane with previews)
   - Includes lf (lightweight Go-based manager)
   - Includes vifm (dual-pane with comprehensive vim features)
   - Includes nnn (performance-optimized, configurable)
   - Added complementary utilities: fzf, bat, eza, fd
   - Extensive documentation and usage recommendations included
   - Ready for evaluation and individual manager selection

2. BSPWM KEYBINDING ENHANCEMENTS (home/gig/common/optional/bspwm.nix)
   - Improved window minimize/restore workflow
   - Changed "super + shift + m" to more intuitive restore keybindings:
     * "super + u" - Restore most recently hidden window
     * "super + shift + u" - Restore all minimized windows
   - Added wallpaper refresh keybinding: "super + shift + w"
   - Enhanced documentation with clearer keybinding descriptions

3. TOUCHPAD CONFIGURATION (hosts/merlin/default.nix)
   - Enabled comprehensive libinput touchpad support
   - Implemented palm rejection (disableWhileTyping = true)
   - Enabled tap-to-click functionality
   - Configured natural scrolling (modern touchpad behavior)
   - Added middle mouse button emulation via three-finger interaction
   - Commented option for external mouse auto-disable available

TECHNICAL ANALYSIS:
==================
- Fast 14-second build indicates clean dependency resolution
- No compilation errors or warnings during rebuild process
- File managers collection provides comprehensive vim-style navigation options
- Touchpad configuration addresses modern laptop usability requirements
- BSPWM keybinding improvements enhance window management workflow

OPERATIONAL IMPACT:
==================
- Enhanced file management capabilities with vim-style navigation
- Improved laptop touchpad usability and palm rejection
- More intuitive window minimization and restoration workflow
- Wallpaper refresh capability for desktop customization
- Ready for user evaluation of different file manager options

NEXT PHASE RECOMMENDATIONS:
==========================
1. Test each file manager (ranger, lf, vifm, nnn) for user preference
2. Configure preferred file manager with custom settings
3. Validate touchpad behavior meets user expectations
4. Consider enabling external mouse auto-disable if desired
5. Test new BSPWM keybindings for window management workflow

POST-REBUILD STATUS:
===================
✅ Home-manager rebuild: SUCCESSFUL
✅ Generation increment: 114 → 115
✅ Build performance: Excellent (14 seconds)
✅ Configuration deployment: Complete
✅ System stability: Nominal
✅ Ready for user validation and testing

ENGINEERING NOTES:
=================
This rebuild represents excellent progress in workspace enhancement. The file managers collection provides comprehensive options for vim users, while the touchpad configuration addresses essential laptop usability. The BSPWM improvements streamline window management workflows.

All systems operating within normal parameters. Engineering team standing by for further enhancements.

--
Chief Engineer Montgomery Scott
Stardate 2025-01-28
Engineering Bay, USS Enterprise
