================================================================================
CHIEF ENGINEER'S LOG - STARDATE 2025.12.14
HOME-MANAGER REBUILD SUCCESS - MERLIN SYSTEM
================================================================================

CLASSIFICATION: CAPTAIN'S REPORT
BUILD OPERATION: home-manager rebuild
TARGET SYSTEM: merlin
OPERATION RESULT: SUCCESS

ENGINEERING METRICS:
• Generation Progression: 70 → 71 (+1)
• Build Duration: 11 seconds
• Build Status: SUCCESSFUL
• Error Count: 0
• Warning Count: 0

CONFIGURATION ANALYSIS:
• Configuration Files Modified: NONE
• Package Changes: NO CHANGES DETECTED
• Service Modifications: NONE
• System Profile Updates: GENERATION INCREMENT ONLY

TECHNICAL OBSERVATIONS:
• Rapid build completion indicates efficient Nix store reuse
• No configuration drift detected since last rebuild
• System maintaining stable configuration baseline
• Generation increment confirms successful profile installation

FLEET OPERATIONAL STATUS:
• merlin: OPERATIONAL - Recent successful rebuild, configuration stable
• ganoslal: [STATUS PENDING - No recent rebuild data]
• mganos: [STATUS PENDING - No recent rebuild data]  
• wsl: [STATUS PENDING - No recent rebuild data]

BUILD PERFORMANCE ANALYSIS:
• 11-second duration indicates excellent build cache efficiency
• Zero configuration changes suggests stable development environment
• Clean rebuild demonstrates healthy Nix store state
• Generation 71 represents successful incremental progress

PREVENTIVE RECOMMENDATIONS:
• Continue monitoring build performance trends across fleet
• Consider scheduled configuration sync verification
• Document any future configuration changes for tracking
• Maintain current stable baseline as reference point

SYSTEM HEALTH ASSESSMENT:
✓ Build System: OPTIMAL
✓ Configuration Management: STABLE  
✓ Package Dependencies: RESOLVED
✓ Generation Management: HEALTHY

This rebuild represents optimal system behavior - quick, clean, and successful with no complications. The merlin system is maintaining excellent operational status.

                                     Montgomery Scott, Chief Engineer
================================================================================
