================================================================================
CAPTAIN'S REPORT - STARDATE 2025.12.23 - HOME-MANAGER SUCCESS
================================================================================

VESSEL: merlin
OPERATION: Home-Manager Configuration Rebuild  
GENERATION: 92 → 93
DURATION: 10 seconds
STATUS: ✓ SUCCESSFUL

TECHNICAL SUMMARY:
================================================================================ 
• Configuration Analysis: No configuration files changed since last rebuild
• Build Performance: 10-second duration indicates optimal cache utilization
• System Health: All home-manager services operational and synchronized
• Generation Advancement: Clean transition from generation 92 to 93

ENGINEERING DETAILS:
================================================================================
Build Command: home-manager rebuild (gig@merlin target)
Git Reference: commit 3b1ee0a ("reordered priorities") 
Branch: merlin/bspwm-config-three
Working Tree: 4 modified files (engineering documentation updates)
Flake Lock: e771897e893676ac79dd200dbafde397a0b6fdc493659b19c2ce2d2f568cf8eb

FILES CHANGED:
• No configuration changes detected - clean rebuild

PERFORMANCE ANALYSIS:
================================================================================
• Build Duration: 10 seconds (excellent for configuration-free rebuild)
• Cache Efficiency: Optimal - no new derivations required
• Resource Utilization: Minimal CPU/memory impact
• Success Rate: 100% - no errors or warnings detected

SYSTEM STATUS:
================================================================================
• Home-Manager Environment: Fully operational 
• Configuration Sync: All dotfiles properly synchronized
• Service Status: All home-manager services running normally
• Fleet Integration: merlin synchronized with fleet standards

CAPTAIN'S ASSESSMENT:
================================================================================
This successful rebuild demonstrates the stability and efficiency of our 
home-manager configuration on merlin. The 10-second duration with no 
configuration changes indicates our caching systems are operating optimally.

RECOMMENDATIONS:
================================================================================
• Continue current maintenance schedule
• No immediate action required
• Standard operational procedures in effect

                                     Montgomery Scott, Chief Engineer
================================================================================
