================================================================================
CHIEF ENGINEER'S LOG - STARDATE 2025.12.19 (AUTOMATED)
================================================================================

[2025-12-19 13:30:19] UNKNOWN EVENT
system-operation: Smart clean initiated - preserving OpenCode history

[2025-12-19 13:30:23] UNKNOWN EVENT
system-operation: Smart clean completed - OpenCode ready for rebuild

[2025-12-19 13:30:58] UNKNOWN EVENT
system-operation: Smart clean initiated - preserving OpenCode history

[2025-12-19 13:31:00] UNKNOWN EVENT
system-operation: Smart clean completed - OpenCode ready for rebuild

[2025-12-19 14:21:48] UNKNOWN EVENT
system-operation: Smart clean initiated - preserving OpenCode history

[2025-12-19 14:21:54] UNKNOWN EVENT
system-operation: Smart clean completed - OpenCode ready for rebuild

[2025-12-19 14:22:18] UNKNOWN EVENT
system-operation: Smart clean initiated - preserving OpenCode history

[2025-12-19 14:22:23] UNKNOWN EVENT
system-operation: Smart clean completed - OpenCode ready for rebuild

[2025-12-19 14:50:00] SYSTEM OPERATION
[@ganoslal:feature/improving-auto-logs] [@ganoslal:feature/improving-auto-logs] Test enhanced logging system - validation of branch and host context detection
[2025-12-19 14:50:48] SYSTEM OPERATION
[@ganoslal:feature/improving-auto-logs] [@ganoslal:feature/improving-auto-logs] Smart clean initiated - preserving OpenCode history, cleaning caches

[2025-12-19 14:50:55] SYSTEM OPERATION
[@ganoslal:feature/improving-auto-logs] [@ganoslal:feature/improving-auto-logs] Smart clean completed - OpenCode ready for rebuild, caches cleared

