================================================================================
CHIEF ENGINEER'S LOG - STARDATE 2025.12.23 - 19:23:43
================================================================================

SUCCESSFUL NIXOS REBUILD DOCUMENTATION - MERLIN FLEET VESSEL

REBUILD OPERATION SUMMARY:
• Host: merlin
• Generation Transition: 94 → 95  
• Build Duration: 18 seconds (excellent performance)
• Operation Status: SUCCESSFUL
• Configuration Status: NO DRIFT DETECTED

TECHNICAL ANALYSIS:
The rebuild operation completed with exceptional efficiency. An 18-second build time 
indicates optimal cache utilization and minimal system changes. This is precisely 
the type of clean, predictable rebuild we want to see across the fleet.

CONFIGURATION ASSESSMENT:
• No configuration files changed since last rebuild
• No system modifications detected
• Clean generation increment confirms stable system state
• No package additions, removals, or version updates required

FLEET ENGINEERING OBSERVATIONS:
This rebuild represents ideal system maintenance behavior - regular updates with 
minimal overhead when no changes are present. The quick completion time suggests:
- Effective Nix store cache management
- Stable dependency tree 
- No unnecessary rebuilds of unchanged components
- Proper system hygiene maintenance

OPERATIONAL IMPACT:
• System remains fully operational throughout rebuild
• No service interruptions or configuration drift
• Generation 95 available for immediate activation
• Fleet consistency maintained

ENGINEERING RECOMMENDATIONS:
• Continue regular rebuild schedule to maintain system health
• Monitor for any future configuration drift
• This rebuild pattern represents optimal fleet maintenance standard

PERFORMANCE METRICS:
• Build Time: 18 seconds (within acceptable fleet parameters)
• Success Rate: 100% (meeting engineering standards)
• System Impact: Minimal (no service disruption)
• Cache Efficiency: Optimal (fast completion with no changes)

STATUS: This represents a textbook example of proper NixOS system maintenance. 
Merlin's rebuild operation demonstrates the reliability and efficiency we strive 
for across the entire fleet.

                                     Montgomery Scott, Chief Engineer
================================================================================
