================================================================================
CHIEF ENGINEER'S LOG - STARDATE 2025.12.09
BUILD FAILURE ANALYSIS - USS MERLIN NixOS Configuration Error
================================================================================
CLASSIFICATION: CAPTAIN'S REPORT

FAILURE SUMMARY:
• Host: merlin (Framework 16 7040-AMD)
• Build Duration: 4 seconds (immediate evaluation failure)
• Previous Generation: 63
• Attempted Configuration: NixOS rebuild with flake updates

CONFIGURATION CHANGES ATTEMPTED:
• flake.nix - Pre-commit hooks dependency pinning 
• home/gig/common/core/wezterm.nix - WezTerm font configuration update
• hosts/merlin/default.nix - Standard merlin configuration

ERROR ANALYSIS:
================================================================================
The build failed with a critical path resolution error:

ERROR: path '/nix/store/c2wjc16mn0x2svjhzw06sai476p3y5hf-source/hosts/common/optional/power-management.nix' does not exist

ROOT CAUSE ANALYSIS:
This error indicates a Nix store cache inconsistency problem. The specific issues are:

1. **STALE STORE REFERENCE**: The store path `c2wjc16mn0x2svjhzw06sai476p3y5hf-source` 
   references an outdated or corrupted flake evaluation that no longer exists in the Nix store.

2. **FLAKE LOCK MISMATCH**: Recent pre-commit-hooks dependency changes (commit 55f873b) 
   may have invalidated cached evaluations, but the system is still referencing old store paths.

3. **EVALUATION CACHE CORRUPTION**: The file `power-management.nix` exists in the working 
   directory but the cached flake evaluation is looking for it in a non-existent store path.

VERIFICATION:
• File exists: /home/gig/.dotfiles/hosts/common/optional/power-management.nix ✓
• Store path exists: /nix/store/c2wjc16mn0x2svjhzw06sai476p3y5hf-source ✗
• Recent flake.lock changes: Pre-commit hooks pinning (commit 55f873b) ✓

TROUBLESHOOTING RECOMMENDATIONS:
================================================================================

IMMEDIATE ACTIONS (Priority Order):

1. **CLEAR EVALUATION CACHE**:
   ```bash
   sudo nix-collect-garbage -d
   nix store gc
   ```
   This will force a fresh flake evaluation and clear corrupted store references.

2. **FORCE FLAKE UPDATE**:
   ```bash
   nix flake update --refresh
   ```
   Regenerate flake.lock with fresh input hashes to ensure consistency.

3. **CLEAN REBUILD ATTEMPT**:
   ```bash
   sudo nixos-rebuild switch --flake .#merlin --refresh
   ```
   The --refresh flag forces fresh evaluation bypassing cached store paths.

4. **ALTERNATIVE CLEAN BUILD**:
   ```bash
   sudo nixos-rebuild switch --flake .#merlin --no-flake-registry --refresh
   ```
   Bypass flake registry for completely clean build path.

PREVENTIVE MEASURES:
================================================================================

• **Regular Cache Maintenance**: Schedule weekly `nix-collect-garbage -d` on all fleet vessels
• **Flake Lock Verification**: Always run `nix flake check` after dependency updates
• **Store Integrity Monitoring**: Implement automated store health checks
• **Backup Generation Registry**: Maintain record of last known good generations

FLEET IMPACT ASSESSMENT:
• Merlin: OFFLINE for NixOS operations (Home Manager still functional)
• Other vessels: No immediate impact expected
• Priority: HIGH - Framework laptop is critical development platform

EXPECTED RESOLUTION TIME:
• Garbage collection: 2-5 minutes
• Flake update: 1-2 minutes  
• Rebuild attempt: 10-15 minutes (fresh evaluation)
• Total estimated time: 15-25 minutes

TECHNICAL NOTES:
The error occurred at line 298 of a stack trace (truncated), suggesting the issue 
manifested during module import resolution phase rather than during actual package 
building. This confirms it's an evaluation-time problem, not a compilation issue.

The 4-second failure time indicates immediate evaluation failure rather than a 
build timeout, which supports the cache corruption hypothesis.

NEXT ACTIONS:
1. Execute garbage collection immediately
2. Attempt clean rebuild with fresh evaluation
3. Monitor for similar issues across fleet
4. Update preventive maintenance schedules

                                     Montgomery Scott, Chief Engineer
                      "I cannae change the laws of physics, but I can fix the cache!"
================================================================================
