================================================================================
CHIEF ENGINEER'S LOG - STARDATE 2025.12.23
================================================================================

ROUTINE HOME-MANAGER REBUILD - MERLIN ENGINEERING STATION

OPERATION SUMMARY:
• Host: merlin (Secondary Engineering Workstation)
• Operation: Home-Manager Configuration Rebuild  
• Generation: 92 → 92 (stable generation maintained)
• Build Duration: 10 seconds (excellent performance)
• Result: SUCCESSFUL - No issues detected

TECHNICAL ANALYSIS:
The rebuild operation proceeded smoothly with no configuration changes detected
since the last successful rebuild. This indicates a stable configuration state
on merlin, which is exactly what we want to see in routine maintenance cycles.

CONFIGURATION STATUS:
• No configuration files modified since last rebuild
• No package changes or updates applied
• All existing configurations validated successfully
• System remains in known-good state

PERFORMANCE METRICS:
• Build Time: 10 seconds (within normal parameters)
• Generation Stability: Maintained at Gen 92 (no unnecessary increments)
• Memory Usage: Normal (no excessive resource consumption observed)
• Error Rate: 0% (clean execution)

ENGINEERING OBSERVATIONS:
This type of routine rebuild is precisely what we want to see - fast execution,
stable generation numbers, and no unexpected changes. It demonstrates that our
home-manager configuration for merlin is in a mature, stable state.

The 10-second build time is excellent performance for a home-manager rebuild,
indicating efficient cache utilization and minimal recompilation requirements.

FLEET IMPLICATIONS:
merlin continues to serve as a reliable secondary workstation with stable
home-manager configuration. No maintenance actions required at this time.

RECOMMENDATIONS:
• Continue periodic rebuild validation to maintain system health
• No configuration changes needed - system performing optimally
• Monitor for any future configuration drift or performance degradation

NEXT ACTIONS:
• No immediate actions required
• Continue normal operational schedule
• Document any future configuration changes as they occur

                                     Montgomery Scott, Chief Engineer
================================================================================
