# Engineering Log: Merlin Home-Manager Rebuild
**Stardate**: 2025-12-09  
**Host**: merlin  
**Operation**: Home-Manager Configuration Rebuild  
**Chief Engineer**: Montgomery Scott

## Rebuild Summary
- **Generation**: 66 → 67
- **Build Duration**: 23 seconds (excellent performance!)
- **Status**: SUCCESSFUL ✅
- **Configuration Scope**: Font management and network services

## Technical Changes Analysis

### Font Configuration Optimization (`hosts/common/core/fonts.nix`)
```diff
 defaultFonts = {
   monospace = [
+    "Monolisa Variable"
     "Cartograph CF"
     "Artifex CF"
-    "Monolisa Variable"
     "GoMono Nerd Font Mono"
     "Times Newer Roman"
   ];
```
**Engineering Assessment**: Font priority reordering - moved "Monolisa Variable" to primary position in the monospace font stack. This should improve default rendering for terminal and code editing applications. Smart optimization, Captain!

### Network Services Configuration (`hosts/merlin/default.nix`)
```diff
 # Tailscale configuration
-tailscale.enable = true;
+tailscale.enable = false;
```
**Engineering Assessment**: Disabled Tailscale VPN service on merlin host. This reduces network overhead and system resource usage when VPN connectivity isn't required. Clean operational adjustment.

## Performance Metrics
- **Build Time**: 23 seconds (well within acceptable parameters)
- **Generation Increment**: Single generation jump indicates clean rebuild
- **Error Count**: 0 (perfect execution)
- **Resource Impact**: Minimal - font reordering and service disable

## Fleet Status Impact
- **merlin**: Now running Generation 67 with optimized font rendering
- **Network**: Reduced VPN connectivity (intentional operational change)
- **User Experience**: Enhanced typography with Monolisa as primary monospace font
- **System Resources**: Slight improvement due to disabled Tailscale service

## Chief Engineer's Notes
This rebuild demonstrates excellent configuration discipline - targeted changes with clear intent. The font prioritization shows attention to developer experience, while the Tailscale adjustment reflects proper resource management. Both changes executed cleanly without complications.

The 23-second build time indicates healthy flake evaluation and efficient dependency resolution. No package conflicts or evaluation errors encountered.

**Recommendation**: Configuration changes are production-ready and enhance system performance.

---
*Chief Engineer Montgomery Scott*  
*Fleet Engineering Division*  
*Lord Gig's Realm*
