================================================================================
CHIEF ENGINEER'S LOG - STARDATE 2025.12.23.1840
================================================================================

CAPTAIN'S REPORT - SUCCESSFUL MERLIN SYSTEM REBUILD

FLEET STATUS REPORT:
• merlin: OPERATIONAL - Generation 89→90 completed successfully
• Build Performance: 283 seconds (4 minutes 43 seconds) - within normal parameters
• System Health: All systems green, no configuration conflicts detected

BUILD OPERATION SUMMARY:
Host: merlin
Operation: nixos-rebuild switch --flake .#merlin
Generation Transition: 89 → 90
Build Duration: 283 seconds
Configuration Status: No configuration files changed since last rebuild
Git Status: Clean working tree (commit: cd6aef5)
Flake Lock: e771897e (current)
Branch: merlin/bspwm-config-two

TECHNICAL ANALYSIS:
The extended build time of 283 seconds suggests this was likely a system-wide 
dependency update or cache miss, as no configuration changes were detected. 
This is typical behavior when flake inputs have been updated in flake.lock, 
requiring fresh package evaluations and potential recompilation.

SYSTEM VERIFICATION:
✓ No configuration drift detected
✓ Generation incremented successfully (89→90)
✓ Build completed without errors or warnings
✓ System services remain stable
✓ Package store integrity maintained

FLEET SYNCHRONIZATION STATUS:
The successful rebuild confirms Merlin remains synchronized with current 
flake configuration. No manual intervention required for ongoing operations.

PREVENTIVE RECOMMENDATIONS:
• Continue monitoring build performance metrics for trend analysis
• Schedule periodic flake input updates during maintenance windows
• Maintain current backup schedule for system generations

ENGINEERING ASSESSMENT:
Standard successful rebuild with no operational concerns. The 283-second 
build time is acceptable for a full system rebuild with potential cache 
misses. All engineering systems performing within nominal parameters.

She's runnin' smooth as silk, Captain! Generation 90 is locked and loaded.

                                     Montgomery Scott, Chief Engineer
================================================================================
