================================================================================
CHIEF ENGINEER'S LOG - STARDATE 2025.12.23 (AUTOMATED)
================================================================================

[2025-12-23 16:14:37] SYSTEM OPERATION
[:develop] [:develop] Bare full rebuild initiated - minimal system and home-manager rebuild for merlin, no pre/post hooks

[2025-12-23 16:15:20] SYSTEM OPERATION
[:develop] [:develop] Bare full rebuild completed - both system and home-manager rebuilt for merlin successfully
[2025-12-23 16:52:36] SYSTEM OPERATION
[:merlin/bspwm-config-two] [:merlin/bspwm-config-two] Smart clean initiated - preserving OpenCode history, cleaning caches

[2025-12-23 16:52:38] SYSTEM OPERATION
[:merlin/bspwm-config-two] [:merlin/bspwm-config-two] Smart clean completed - OpenCode ready for rebuild, caches cleared

[2025-12-23 16:54:33] BUILD START
Starting Event: build-start

[2025-12-23 16:54:58] ★ CAPTAIN'S REPORT ★ BUILD COMPLETE
nixos-rebuild-merlin completed in 25s (success: true, generation: 87)

[2025-12-23 16:55:28] SYSTEM OPERATION
[:merlin/bspwm-config-two] [:merlin/bspwm-config-two] Bare home-manager rebuild initiated - minimal home-manager rebuild for gig@merlin, no pre/post hooks

[2025-12-23 16:55:46] SYSTEM OPERATION
[:merlin/bspwm-config-two] [:merlin/bspwm-config-two] Bare home-manager rebuild completed - home-manager switch for gig@merlin finished successfully

[2025-12-23 16:57:34] BUILD START
Starting Event: build-start

[2025-12-23 16:57:51] ★ CAPTAIN'S REPORT ★ BUILD COMPLETE
nixos-rebuild-merlin completed in 17s (success: true, generation: 88)
[2025-12-23 16:58:23] SYSTEM OPERATION
[:merlin/bspwm-config-two] [:merlin/bspwm-config-two] Smart clean initiated - preserving OpenCode history, cleaning caches

[2025-12-23 16:58:25] SYSTEM OPERATION
[:merlin/bspwm-config-two] [:merlin/bspwm-config-two] Smart clean completed - OpenCode ready for rebuild, caches cleared

[2025-12-23 17:53:40] BUILD START
Starting Event: build-start

