================================================================================
CHIEF ENGINEER'S LOG - NixOS Rebuild Success Report
================================================================================
Stardate: 2026-01-29
Vessel: merlin
Operation: NixOS System Rebuild
Status: ✓ SUCCESSFUL
Engineer: Chief Montgomery Scott
================================================================================

GENERATION TRANSITION
---------------------
Previous Generation: 123
New Generation: 124
Build Duration: 22 seconds

PERFORMANCE ASSESSMENT
----------------------
Build Time: 22 seconds - Excellent performance, well within acceptable parameters
Status: Clean rebuild with no configuration changes detected

CONFIGURATION ANALYSIS
----------------------
Configuration Changes: NONE
- No configuration files modified since last rebuild
- No new system packages or services added
- No module changes detected

Technical Assessment:
This appears to be a verification rebuild or a flake.lock update without
corresponding configuration changes. The quick build time (22 seconds) confirms
minimal delta from generation 123.

FILES CHANGED
-------------
Configuration Files: No changes detected
System Files: No configuration changes

SYSTEM HEALTH CHECK
-------------------
✓ Generation switch completed successfully
✓ No build errors or warnings
✓ Fast rebuild time indicates healthy Nix store
✓ System remains stable

ENGINEERING NOTES
-----------------
This rebuild represents a maintenance operation with no functional changes to
the merlin system configuration. The successful completion and fast build time
indicate the Nix infrastructure is operating efficiently.

Possible reasons for this rebuild:
1. Verification rebuild after system inspection
2. flake.lock input updates without configuration changes
3. Testing rebuild process integrity
4. Generation bookmark for known-good state

RECOMMENDATIONS
---------------
• No action required - system operating nominally
• Configuration remains stable at generation 124
• Continue monitoring for any necessary system updates

SCOTTY'S ASSESSMENT
-------------------
The merlin's warp core is purrin' like a kitten! Clean rebuild, no fuss, no
muss. Sometimes ye just need to give the engines a quick diagnostic run, and
that's exactly what we've got here. Generation 124 is ready for duty!

================================================================================
END LOG - Generation 124 Active and Stable
================================================================================
