**STARDATE 2026-01-28 - SUCCESSFUL NIXOS-REBUILD: MERLIN GENERATION 120**
**CHIEF ENGINEER'S LOG - MONTGOMERY SCOTT REPORTING**

---

## REBUILD SUMMARY
- **Host**: merlin (Physical Workstation)
- **Generation Transition**: 119 → 120
- **Build Duration**: 21 seconds (Excellent performance!)
- **Rebuild Type**: nixos-rebuild (system configuration)
- **Status**: ✅ SUCCESSFUL

---

## CONFIGURATION ANALYSIS
- **Configuration Changes**: None detected since last rebuild
- **Files Changed**: No configuration changes identified
- **Assessment**: This appears to be a verification rebuild or dependency update

---

## ENGINEERING ASSESSMENT

**Performance Metrics**:
- 21-second build time is excellent - indicates efficient caching and minimal changes
- Clean generation increment (119→120) with no interruptions
- No configuration drift detected

**System Health**:
- Merlin's build pipeline operating at peak efficiency
- No configuration inconsistencies detected
- System state properly synchronized

**Technical Notes**:
- This type of rebuild typically occurs during:
  - Flake input updates (nixpkgs, home-manager, etc.)
  - Package dependency refreshes
  - Routine system maintenance
- Fast build time suggests good Nix store cache utilization
- Clean rebuild indicates stable system configuration

---

## OPERATIONAL NOTES

**Fleet Status Impact**:
- Merlin remains fully operational and up-to-date
- No configuration remediation required
- System ready for continued service

**Maintenance Schedule**:
- Regular verification rebuilds like this are good practice
- Indicates proactive system maintenance approach
- Demonstrates stable configuration management

---

**LOG ENTRY COMPLETE**
*Chief Engineer Montgomery Scott*
*Fleet Engineering Division*
*Lord Gig's Realm*

---
