================================================================================
CHIEF ENGINEER'S LOG - STARDATE 2026.01.28
MERLIN SYSTEM REBUILD SUCCESS REPORT
================================================================================
CLASSIFICATION: Captain's Report (Auto-display)

FLEET STATUS UPDATE:
• merlin: OPERATIONAL - Generation 115 → 116 completed successfully
• Build Performance: EXCELLENT - 19 second completion time
• System Configuration: STABLE - No configuration changes detected

REBUILD OPERATION SUMMARY:
Operation: nixos-rebuild switch
Target Host: merlin (Secondary Support Vessel)  
Generation Transition: 115 → 116
Build Duration: 19 seconds (excellent performance)
Configuration Analysis: Clean rebuild - no configuration files modified

TECHNICAL OBSERVATIONS:
• Exceptionally fast rebuild time indicates efficient Nix store utilization
• No configuration changes suggests this was likely a flake lock update
• Clean generation transition with no errors or warnings reported
• System maintaining optimal operational stability

PERFORMANCE ANALYSIS:
• 19-second rebuild represents top-tier performance for nixos-rebuild
• No configuration changes indicates efficient dependency management
• Stable system state maintained throughout operation
• Fleet synchronization protocols functioning normally

ENGINEERING ASSESSMENT:
This rebuild represents ideal nixos-rebuild behavior:
- Swift completion time demonstrates excellent system optimization
- Clean configuration state shows proper fleet management
- Successful generation increment confirms system integrity
- No intervention required - autonomous operation successful

PREVENTIVE RECOMMENDATIONS:
• Continue current maintenance protocols - systems performing optimally
• Monitor build performance trends to maintain current efficiency levels
• Regular flake lock updates are maintaining system stability excellently

FLEET IMPACT:
• merlin system health: EXCELLENT
• No cross-system dependencies affected
• Fleet-wide configurations remain synchronized
• Ready for continued operational deployment

                                     Montgomery Scott, Chief Engineer
================================================================================
