================================================================================
CHIEF ENGINEER'S LOG - STARDATE 2026.02.03 (AUTOMATED)
================================================================================

[2026-02-03 16:16:00] SYSTEM OPERATION
[:main] [:main] Smart clean initiated - preserving OpenCode history, cleaning caches

[2026-02-03 16:16:04] SYSTEM OPERATION
[:main] [:main] Smart clean completed - OpenCode ready for rebuild, caches cleared

[2026-02-03 16:16:19] BUILD START
Starting Event: build-start

[2026-02-03 16:16:45] ★ CAPTAIN'S REPORT ★ BUILD COMPLETE
nixos-rebuild-merlin completed in 26s (success: true, generation: 125)

[2026-02-03 16:21:46] SYSTEM OPERATION
[:main] [:main] Smart clean initiated - preserving OpenCode history, cleaning caches

[2026-02-03 16:21:49] SYSTEM OPERATION
[:main] [:main] Smart clean completed - OpenCode ready for rebuild, caches cleared

[2026-02-03 16:22:09] SYSTEM OPERATION
[:main] [:main] Smart clean initiated - preserving OpenCode history, cleaning caches

[2026-02-03 16:22:12] SYSTEM OPERATION
[:main] [:main] Smart clean completed - OpenCode ready for rebuild, caches cleared
[2026-02-03 16:45:40] BUILD START
Starting Event: build-start

[2026-02-03 16:46:07] ★ CAPTAIN'S REPORT ★ BUILD COMPLETE
nixos-rebuild-merlin completed in 27s (success: true, generation: 126)

[2026-02-03 17:06:38] SYSTEM OPERATION
[:recruitment/library-computer] [:recruitment/library-computer] Smart clean initiated - preserving OpenCode history, cleaning caches

[2026-02-03 17:06:41] SYSTEM OPERATION
[:recruitment/library-computer] [:recruitment/library-computer] Smart clean completed - OpenCode ready for rebuild, caches cleared

[2026-02-03 17:19:04] SYSTEM OPERATION
[:recruitment/library-computer] [:recruitment/library-computer] Smart clean initiated - preserving OpenCode history, cleaning caches

[2026-02-03 17:19:06] SYSTEM OPERATION
[:recruitment/library-computer] [:recruitment/library-computer] Smart clean completed - OpenCode ready for rebuild, caches cleared
[2026-02-03 19:32:23] BUILD START
Starting Event: build-start

[2026-02-03 19:32:45] ★ CAPTAIN'S REPORT ★ BUILD COMPLETE
nixos-rebuild-merlin completed in 22s (success: true, generation: 127)

[2026-02-03 19:32:59] REBUILD DOCUMENTATION
Generation 126→127 (22s duration) - Clean advancement with no configuration changes detected
