================================================================================
ENGINEERING LOG - HOME-MANAGER REBUILD SUCCESS
================================================================================

**Stardate**: 2026-02-02 20:41
**Operation**: Home-Manager Rebuild
**Host**: wsl@ganoslal (WSL Environment)
**Branch**: recruitment/library-computer
**Status**: ✅ SUCCESS

--------------------------------------------------------------------------------
GENERATION TRANSITION
--------------------------------------------------------------------------------
Previous Generation: 268
Current Generation:  269
Build Duration:      24 seconds
NixOS Generation:    1 (24.05.20240702.706eef5)

--------------------------------------------------------------------------------
CONFIGURATION CHANGES
--------------------------------------------------------------------------------

The following files were modified since the last rebuild:

**Flake Infrastructure**:
- flake.nix - Major dependency reorganization and stabilization

**Home-Manager Core Modules**:
- home/gig/common/core/file-managers.nix (NEW)
- home/gig/common/core/opencode.nix
- home/gig/common/core/starship.nix
- home/gig/common/core/wezterm.nix
- home/gig/home.nix
- home/gig/merlin.nix

**Home-Manager Optional Modules**:
- home/gig/common/optional/bat.nix
- home/gig/common/optional/bspwm.nix
- home/gig/common/optional/polybar.nix
- home/gig/common/optional/shellAliases.nix
- home/gig/common/resources/bspwm/merlin.conf

**NixOS System Modules**:
- hosts/common/core/fonts.nix
- hosts/common/core/nps.nix
- hosts/common/core/samba.nix
- hosts/common/optional/audio.nix
- hosts/common/optional/bluetooth.nix
- hosts/common/optional/brightness-control.nix
- hosts/common/optional/bspwm.nix
- hosts/common/users/gig/default.nix
- hosts/merlin/default.nix
- hosts/wsl/default.nix

**Package & Variable Definitions**:
- pkgs/default.nix
- vars/default.nix

--------------------------------------------------------------------------------
KEY CHANGES ANALYSIS
--------------------------------------------------------------------------------

### Flake Stabilization (flake.nix)

**Major Dependency Migration**:
- ✅ Migrated from nixos-unstable to nixos-25.11 stable
- ✅ Updated nixpkgs.url: "github:NixOS/nixpkgs/nixos-25.11"
- ✅ Updated home-manager to release-25.11 branch
- ✅ Removed temporary unstable upgrade for OpenCode testing

**Input Organization**:
- Reorganized flake inputs into logical sections:
  - Official NixOS and HM Package Sources
  - Utilities
  - Personal Repositories
  - Lesser-Used Utilities
- Improved nixos-wsl input follows declaration (now follows nixpkgs)
- Updated sops-nix to follow stable nixpkgs instead of unstable

**Circular Dependency Resolution**:
- Added `dotfiles.follows = ""` to wrapd input
- Added `gigdot.follows = ""` to gigvim input
- Commented out tax-matrix with circular dependency notes
- These changes break circular dependencies while maintaining functionality

**Package Updates**:
- Changed nixfmt-rfc-style → nixfmt (simpler package name)
- Updated dev shell packages: upflake + upspell → locker
- Updated fancy-fonts URL to git+ssh://git@github.com/gignsky/fancy-fonts.git

**Pre-commit Hooks**:
- Updated pre-commit-hooks input to follow stable nixpkgs
- Commented out specific commit pin (46d55f0...) - now using latest

### File Managers Module (NEW)

**New Module**: `home/gig/common/core/file-managers.nix`
- Comprehensive collection of vim-keybinding terminal file managers
- Includes ranger and other vim-like file managers
- Documented with features and use cases
- All managers included for evaluation

--------------------------------------------------------------------------------
BUILD METRICS
--------------------------------------------------------------------------------

Build Performance:
- Duration: 24 seconds (excellent performance for configuration scope)
- Generation increment: +1 (268 → 269)
- No errors or warnings reported
- Clean rebuild with extensive configuration changes

Configuration Scope:
- 24 files modified
- 1 new module added (file-managers.nix)
- Major flake restructuring
- Dependency stabilization completed

--------------------------------------------------------------------------------
TECHNICAL NOTES
--------------------------------------------------------------------------------

**WSL Environment Specifics**:
- Build executed on ganoslal (WSL instance)
- Hostname mapping: nixos (WSL) → wsl (flake target)
- Operating under recruitment/library-computer branch

**Stability Improvements**:
This rebuild represents a significant stabilization effort:
1. Migration from unstable to stable nixpkgs channel
2. Resolution of circular dependencies in personal repositories
3. Cleanup of flake input structure
4. Simplified package naming conventions

**Build Speed Analysis**:
24 seconds for a rebuild touching 24 configuration files with major flake
changes indicates efficient caching and minimal package rebuilds. The stable
channel migration appears to have minimal impact on rebuild performance.

--------------------------------------------------------------------------------
POST-REBUILD VALIDATION
--------------------------------------------------------------------------------

✅ Home-Manager generation successfully created (269)
✅ No build errors or warnings
✅ Configuration files properly evaluated
✅ Flake structure validated
✅ WSL environment rebuild successful

--------------------------------------------------------------------------------
ENGINEERING ASSESSMENT
--------------------------------------------------------------------------------

This rebuild represents excellent progress on fleet-wide stabilization:

**Strengths**:
- Clean migration to stable NixOS 25.11
- Proper circular dependency resolution
- Improved flake organization and maintainability
- Fast build times indicate healthy cache state
- Comprehensive module additions (file-managers)

**Impact**:
- Improved system stability through stable channel usage
- Better flake maintainability through logical organization
- Enhanced development environment with new file manager options
- Resolved dependency conflicts for cleaner builds

**Recommendations**:
- Monitor stability on 25.11 stable channel over next few rebuilds
- Consider similar stabilization for other fleet hosts
- Document file-manager preferences after evaluation period
- Track build times to ensure cache remains healthy

--------------------------------------------------------------------------------
CHIEF ENGINEER SIGNATURE
--------------------------------------------------------------------------------

Chief Engineer: Montgomery Scott
Stardate: 2026-02-02.2041
Host: wsl@ganoslal
Branch: recruitment/library-computer
Generation: 269

The warp core is purring like a kitten, Captain. This rebuild was smooth as
Saurian brandy, and the migration to stable channels is a smart move for fleet
reliability. The flake reorganization cleans up some technical debt that's been
accumulating, and those circular dependency fixes are proper engineering work.

Twenty-four seconds for a rebuild touching this many configuration files? That's
what I call efficiency! The system's cache is in fine shape, and the stable
channel transition didn't cause any friction. All systems nominal, ready for
duty!

================================================================================
END LOG
================================================================================
